mode: set
xunjianbao-backend/pkg/ai_service/client.go:21.40,28.2 1 0
xunjianbao-backend/pkg/ai_service/client.go:50.52,52.63 2 0
xunjianbao-backend/pkg/ai_service/client.go:52.63,54.3 1 0
xunjianbao-backend/pkg/ai_service/client.go:55.2,55.19 1 0
xunjianbao-backend/pkg/ai_service/client.go:92.67,95.16 3 0
xunjianbao-backend/pkg/ai_service/client.go:95.16,97.3 1 0
xunjianbao-backend/pkg/ai_service/client.go:98.2,98.19 1 0
xunjianbao-backend/pkg/ai_service/client.go:102.111,106.16 4 0
xunjianbao-backend/pkg/ai_service/client.go:106.16,108.3 1 0
xunjianbao-backend/pkg/ai_service/client.go:109.2,116.16 6 0
xunjianbao-backend/pkg/ai_service/client.go:116.16,118.3 1 0
xunjianbao-backend/pkg/ai_service/client.go:119.2,122.69 3 0
xunjianbao-backend/pkg/ai_service/client.go:122.69,124.3 1 0
xunjianbao-backend/pkg/ai_service/client.go:125.2,125.19 1 0
xunjianbao-backend/pkg/ai_service/client.go:151.62,154.16 3 0
xunjianbao-backend/pkg/ai_service/client.go:154.16,156.3 1 0
xunjianbao-backend/pkg/ai_service/client.go:157.2,157.19 1 0
xunjianbao-backend/pkg/ai_service/client.go:181.99,184.16 3 0
xunjianbao-backend/pkg/ai_service/client.go:184.16,186.3 1 0
xunjianbao-backend/pkg/ai_service/client.go:187.2,187.19 1 0
xunjianbao-backend/pkg/ai_service/client.go:212.69,215.16 3 0
xunjianbao-backend/pkg/ai_service/client.go:215.16,217.3 1 0
xunjianbao-backend/pkg/ai_service/client.go:218.2,218.19 1 0
xunjianbao-backend/pkg/ai_service/client.go:240.52,242.70 2 0
xunjianbao-backend/pkg/ai_service/client.go:242.70,244.3 1 0
xunjianbao-backend/pkg/ai_service/client.go:245.2,245.19 1 0
xunjianbao-backend/pkg/ai_service/client.go:263.111,266.58 3 0
xunjianbao-backend/pkg/ai_service/client.go:266.58,268.3 1 0
xunjianbao-backend/pkg/ai_service/client.go:269.2,269.19 1 0
xunjianbao-backend/pkg/ai_service/client.go:276.90,278.17 2 0
xunjianbao-backend/pkg/ai_service/client.go:278.17,280.17 2 0
xunjianbao-backend/pkg/ai_service/client.go:280.17,282.4 1 0
xunjianbao-backend/pkg/ai_service/client.go:283.3,283.34 1 0
xunjianbao-backend/pkg/ai_service/client.go:286.2,287.16 2 0
xunjianbao-backend/pkg/ai_service/client.go:287.16,289.3 1 0
xunjianbao-backend/pkg/ai_service/client.go:290.2,290.17 1 0
xunjianbao-backend/pkg/ai_service/client.go:290.17,292.3 1 0
xunjianbao-backend/pkg/ai_service/client.go:294.2,295.16 2 0
xunjianbao-backend/pkg/ai_service/client.go:295.16,297.3 1 0
xunjianbao-backend/pkg/ai_service/client.go:298.2,300.28 2 0
xunjianbao-backend/pkg/ai_service/client.go:300.28,303.3 2 0
xunjianbao-backend/pkg/ai_service/client.go:305.2,305.19 1 0
xunjianbao-backend/pkg/ai_service/client.go:305.19,306.67 1 0
xunjianbao-backend/pkg/ai_service/client.go:306.67,308.4 1 0
xunjianbao-backend/pkg/ai_service/client.go:310.2,310.12 1 0
xunjianbao-backend/pkg/pagination/pagination.go:20.35,24.14 3 0
xunjianbao-backend/pkg/pagination/pagination.go:24.14,26.3 1 0
xunjianbao-backend/pkg/pagination/pagination.go:27.2,27.44 1 0
xunjianbao-backend/pkg/pagination/pagination.go:27.44,29.3 1 0
xunjianbao-backend/pkg/pagination/pagination.go:31.2,35.3 1 0
xunjianbao-backend/pkg/pagination/pagination.go:45.72,52.2 1 0
xunjianbao-backend/pkg/pagination/pagination.go:54.77,56.15 2 0
xunjianbao-backend/pkg/pagination/pagination.go:56.15,58.3 1 0
xunjianbao-backend/pkg/pagination/pagination.go:59.2,60.25 2 0
xunjianbao-backend/pkg/pagination/pagination.go:60.25,61.27 1 0
xunjianbao-backend/pkg/pagination/pagination.go:61.27,63.4 1 0
xunjianbao-backend/pkg/pagination/pagination.go:64.3,64.29 1 0
xunjianbao-backend/pkg/pagination/pagination.go:66.2,66.17 1 0
xunjianbao-backend/pkg/pagination/pagination.go:70.43,72.2 1 0
xunjianbao-backend/pkg/pagination/pagination.go:74.70,76.2 1 0
xunjianbao-backend/pkg/redis/client.go:25.36,26.21 1 0
xunjianbao-backend/pkg/redis/client.go:26.21,28.3 1 0
xunjianbao-backend/pkg/redis/client.go:29.2,29.22 1 0
xunjianbao-backend/pkg/redis/client.go:33.20,35.2 1 0
xunjianbao-backend/pkg/redis/client.go:37.41,38.20 1 0
xunjianbao-backend/pkg/redis/client.go:38.20,40.3 1 0
xunjianbao-backend/pkg/redis/client.go:42.2,43.16 2 0
xunjianbao-backend/pkg/redis/client.go:43.16,46.3 2 0
xunjianbao-backend/pkg/redis/client.go:48.2,49.16 2 0
xunjianbao-backend/pkg/redis/client.go:49.16,51.3 1 0
xunjianbao-backend/pkg/redis/client.go:53.2,54.24 2 0
xunjianbao-backend/pkg/redis/client.go:54.24,56.3 1 0
xunjianbao-backend/pkg/redis/client.go:58.2,59.45 2 0
xunjianbao-backend/pkg/redis/client.go:59.45,61.43 2 0
xunjianbao-backend/pkg/redis/client.go:61.43,63.4 1 0
xunjianbao-backend/pkg/redis/client.go:66.2,80.44 4 0
xunjianbao-backend/pkg/redis/client.go:80.44,84.3 3 0
xunjianbao-backend/pkg/redis/client.go:86.2,90.3 2 0
xunjianbao-backend/pkg/redis/client.go:94.35,98.2 3 0
xunjianbao-backend/pkg/redis/client.go:101.71,104.32 3 0
xunjianbao-backend/pkg/redis/client.go:104.32,106.3 1 0
xunjianbao-backend/pkg/redis/client.go:107.2,107.36 1 0
xunjianbao-backend/pkg/redis/client.go:111.94,114.32 3 0
xunjianbao-backend/pkg/redis/client.go:114.32,116.3 1 0
xunjianbao-backend/pkg/redis/client.go:117.2,117.46 1 0
xunjianbao-backend/pkg/redis/client.go:121.68,124.32 3 0
xunjianbao-backend/pkg/redis/client.go:124.32,126.3 1 0
xunjianbao-backend/pkg/redis/client.go:127.2,127.38 1 0
xunjianbao-backend/pkg/redis/client.go:131.75,134.32 3 0
xunjianbao-backend/pkg/redis/client.go:134.32,136.3 1 0
xunjianbao-backend/pkg/redis/client.go:137.2,138.21 2 0
xunjianbao-backend/pkg/redis/client.go:138.21,139.58 1 0
xunjianbao-backend/pkg/redis/client.go:139.58,141.4 1 0
xunjianbao-backend/pkg/redis/client.go:143.2,143.19 1 0
xunjianbao-backend/pkg/redis/client.go:147.32,150.18 3 0
xunjianbao-backend/pkg/redis/client.go:150.18,153.3 2 0
xunjianbao-backend/pkg/redis/client.go:154.2,154.12 1 0
xunjianbao-backend/pkg/redis/client.go:157.42,159.22 2 0
xunjianbao-backend/pkg/redis/client.go:159.22,160.27 1 0
xunjianbao-backend/pkg/redis/client.go:160.27,162.4 1 0
xunjianbao-backend/pkg/redis/client.go:162.9,164.4 1 0
xunjianbao-backend/pkg/redis/client.go:166.2,166.15 1 0
xunjianbao-backend/pkg/config/env.go:18.27,22.2 1 1
xunjianbao-backend/pkg/config/env.go:25.26,28.2 1 1
xunjianbao-backend/pkg/config/env.go:31.23,33.2 1 1
xunjianbao-backend/pkg/config/env.go:36.42,37.20 1 1
xunjianbao-backend/pkg/config/env.go:37.20,39.3 1 1
xunjianbao-backend/pkg/config/env.go:40.2,40.17 1 1
xunjianbao-backend/pkg/config/env.go:40.17,42.3 1 1
xunjianbao-backend/pkg/config/env.go:43.2,43.23 1 1
xunjianbao-backend/pkg/config/env.go:47.27,56.21 7 0
xunjianbao-backend/pkg/config/env.go:56.21,63.3 6 0
xunjianbao-backend/pkg/config/env.go:65.2,65.20 1 0
xunjianbao-backend/pkg/config/env.go:65.20,72.3 6 0
xunjianbao-backend/pkg/config/env.go:74.2,74.35 1 0
xunjianbao-backend/pkg/config/env.go:78.41,80.29 2 1
xunjianbao-backend/pkg/config/env.go:80.29,82.3 1 1
xunjianbao-backend/pkg/config/env.go:83.2,83.15 1 1
xunjianbao-backend/pkg/config/env.go:87.27,89.20 1 1
xunjianbao-backend/pkg/config/env.go:89.20,91.3 1 1
xunjianbao-backend/pkg/config/env.go:94.2,95.27 2 1
xunjianbao-backend/pkg/config/env.go:95.27,97.3 1 1
xunjianbao-backend/pkg/config/env.go:98.2,98.28 1 1
xunjianbao-backend/pkg/config/env.go:98.28,100.3 1 1
xunjianbao-backend/pkg/config/env.go:103.2,103.25 1 1
xunjianbao-backend/pkg/config/env.go:107.31,108.20 1 0
xunjianbao-backend/pkg/config/env.go:108.20,110.3 1 0
xunjianbao-backend/pkg/config/env.go:112.2,113.27 2 0
xunjianbao-backend/pkg/config/env.go:113.27,115.3 1 0
xunjianbao-backend/pkg/config/env.go:116.2,116.28 1 0
xunjianbao-backend/pkg/config/env.go:116.28,118.3 1 0
xunjianbao-backend/pkg/config/env.go:121.2,121.24 1 0
xunjianbao-backend/internal/middleware/auth.go:17.34,19.2 1 0
xunjianbao-backend/internal/middleware/auth.go:29.82,42.2 3 0
xunjianbao-backend/internal/middleware/auth.go:44.39,45.30 1 0
xunjianbao-backend/internal/middleware/auth.go:45.30,47.30 1 0
xunjianbao-backend/internal/middleware/auth.go:47.30,57.4 8 0
xunjianbao-backend/internal/middleware/auth.go:60.3,61.23 2 0
xunjianbao-backend/internal/middleware/auth.go:61.23,72.4 2 0
xunjianbao-backend/internal/middleware/auth.go:74.3,76.98 3 0
xunjianbao-backend/internal/middleware/auth.go:76.98,78.4 1 0
xunjianbao-backend/internal/middleware/auth.go:80.3,80.17 1 0
xunjianbao-backend/internal/middleware/auth.go:80.17,92.4 3 0
xunjianbao-backend/internal/middleware/auth.go:94.3,94.19 1 0
xunjianbao-backend/internal/middleware/auth.go:94.19,105.4 3 0
xunjianbao-backend/internal/middleware/auth.go:107.3,113.11 7 0
xunjianbao-backend/internal/middleware/auth.go:118.58,119.30 1 0
xunjianbao-backend/internal/middleware/auth.go:119.30,121.30 1 0
xunjianbao-backend/internal/middleware/auth.go:121.30,124.4 2 0
xunjianbao-backend/internal/middleware/auth.go:126.3,127.14 2 0
xunjianbao-backend/internal/middleware/auth.go:127.14,137.4 2 0
xunjianbao-backend/internal/middleware/auth.go:139.3,140.37 2 0
xunjianbao-backend/internal/middleware/auth.go:140.37,141.23 1 0
xunjianbao-backend/internal/middleware/auth.go:141.23,144.5 2 0
xunjianbao-backend/internal/middleware/auth.go:147.3,155.5 1 0
xunjianbao-backend/internal/middleware/cors.go:23.37,59.2 1 0
xunjianbao-backend/internal/middleware/cors.go:62.39,64.22 2 0
xunjianbao-backend/internal/middleware/cors.go:64.22,66.84 1 0
xunjianbao-backend/internal/middleware/cors.go:66.84,74.4 1 0
xunjianbao-backend/internal/middleware/cors.go:76.3,77.20 2 0
xunjianbao-backend/internal/middleware/cors.go:81.2,83.33 3 0
xunjianbao-backend/internal/middleware/cors.go:83.33,85.19 2 0
xunjianbao-backend/internal/middleware/cors.go:85.19,87.4 1 0
xunjianbao-backend/internal/middleware/cors.go:90.2,90.23 1 0
xunjianbao-backend/internal/middleware/cors.go:94.29,99.29 3 0
xunjianbao-backend/internal/middleware/cors.go:99.29,101.3 1 0
xunjianbao-backend/internal/middleware/cors.go:104.2,104.38 1 0
xunjianbao-backend/internal/middleware/cors.go:104.38,109.3 4 0
xunjianbao-backend/internal/middleware/cors.go:109.8,112.3 2 0
xunjianbao-backend/internal/middleware/cors.go:114.2,114.30 1 0
xunjianbao-backend/internal/middleware/cors.go:114.30,119.49 3 0
xunjianbao-backend/internal/middleware/cors.go:119.49,120.25 1 0
xunjianbao-backend/internal/middleware/cors.go:120.25,122.10 2 0
xunjianbao-backend/internal/middleware/cors.go:125.4,125.95 1 0
xunjianbao-backend/internal/middleware/cors.go:125.95,126.103 1 0
xunjianbao-backend/internal/middleware/cors.go:126.103,128.11 2 0
xunjianbao-backend/internal/middleware/cors.go:134.3,134.62 1 0
xunjianbao-backend/internal/middleware/cors.go:134.62,135.20 1 0
xunjianbao-backend/internal/middleware/cors.go:135.20,137.5 1 0
xunjianbao-backend/internal/middleware/cors.go:138.4,146.10 2 0
xunjianbao-backend/internal/middleware/cors.go:150.3,150.62 1 0
xunjianbao-backend/internal/middleware/cors.go:150.62,152.4 1 0
xunjianbao-backend/internal/middleware/cors.go:155.3,155.26 1 0
xunjianbao-backend/internal/middleware/cors.go:155.26,157.4 1 0
xunjianbao-backend/internal/middleware/cors.go:158.3,165.36 6 0
xunjianbao-backend/internal/middleware/cors.go:165.36,168.4 2 0
xunjianbao-backend/internal/middleware/cors.go:170.3,170.11 1 0
xunjianbao-backend/internal/middleware/feature_flag.go:15.34,17.16 2 0
xunjianbao-backend/internal/middleware/feature_flag.go:17.16,21.3 2 0
xunjianbao-backend/internal/middleware/feature_flag.go:22.2,22.17 1 0
xunjianbao-backend/internal/middleware/feature_flag.go:28.39,30.55 1 0
xunjianbao-backend/internal/middleware/feature_flag.go:30.55,31.56 1 0
xunjianbao-backend/internal/middleware/feature_flag.go:31.56,33.4 1 0
xunjianbao-backend/internal/middleware/feature_flag.go:36.2,36.17 1 0
xunjianbao-backend/internal/middleware/feature_flag.go:42.36,44.52 1 0
xunjianbao-backend/internal/middleware/feature_flag.go:44.52,46.3 1 0
xunjianbao-backend/internal/middleware/feature_flag.go:46.8,49.3 1 0
xunjianbao-backend/internal/middleware/feature_flag.go:51.2,51.30 1 0
xunjianbao-backend/internal/middleware/feature_flag.go:51.30,59.3 4 0
xunjianbao-backend/internal/middleware/feature_flag.go:64.39,65.30 1 0
xunjianbao-backend/internal/middleware/feature_flag.go:65.30,66.21 1 0
xunjianbao-backend/internal/middleware/feature_flag.go:66.21,72.4 2 0
xunjianbao-backend/internal/middleware/feature_flag.go:73.3,73.11 1 0
xunjianbao-backend/internal/middleware/logger.go:13.38,14.30 1 0
xunjianbao-backend/internal/middleware/logger.go:14.30,41.24 12 0
xunjianbao-backend/internal/middleware/logger.go:41.24,43.4 1 0
xunjianbao-backend/internal/middleware/logger.go:43.9,43.31 1 0
xunjianbao-backend/internal/middleware/logger.go:43.31,45.4 1 0
xunjianbao-backend/internal/middleware/logger.go:45.9,47.4 1 0
xunjianbao-backend/internal/middleware/logger.go:52.36,53.30 1 0
xunjianbao-backend/internal/middleware/logger.go:53.30,57.32 2 0
xunjianbao-backend/internal/middleware/logger.go:57.32,65.4 1 0
xunjianbao-backend/internal/middleware/logger.go:70.41,71.30 1 0
xunjianbao-backend/internal/middleware/logger.go:71.30,88.35 4 0
xunjianbao-backend/internal/middleware/logger.go:88.35,90.4 1 0
xunjianbao-backend/internal/middleware/logger.go:93.3,93.24 1 0
xunjianbao-backend/internal/middleware/logger.go:93.24,96.4 2 0
xunjianbao-backend/internal/middleware/logger.go:96.9,96.38 1 0
xunjianbao-backend/internal/middleware/logger.go:96.38,98.4 1 0
xunjianbao-backend/internal/middleware/logger.go:98.9,98.38 1 0
xunjianbao-backend/internal/middleware/logger.go:98.38,100.4 1 0
xunjianbao-backend/internal/middleware/logger.go:100.9,102.4 1 0
xunjianbao-backend/internal/middleware/logger.go:105.3,105.40 1 0
xunjianbao-backend/internal/middleware/logger.go:105.40,107.4 1 0
xunjianbao-backend/internal/middleware/logger.go:111.43,114.2 1 0
xunjianbao-backend/internal/middleware/prometheus.go:63.42,64.30 1 0
xunjianbao-backend/internal/middleware/prometheus.go:64.30,73.17 7 0
xunjianbao-backend/internal/middleware/prometheus.go:73.17,75.4 1 0
xunjianbao-backend/internal/middleware/prometheus.go:77.3,86.41 2 0
xunjianbao-backend/internal/middleware/upload.go:28.31,31.19 2 1
xunjianbao-backend/internal/middleware/upload.go:31.19,33.29 2 0
xunjianbao-backend/internal/middleware/upload.go:33.29,35.4 1 0
xunjianbao-backend/internal/middleware/upload.go:39.2,39.29 1 1
xunjianbao-backend/internal/middleware/upload.go:43.41,45.18 2 1
xunjianbao-backend/internal/middleware/upload.go:45.18,47.3 1 1
xunjianbao-backend/internal/middleware/upload.go:48.2,49.46 2 1
xunjianbao-backend/internal/middleware/upload.go:49.46,52.3 2 1
xunjianbao-backend/internal/middleware/upload.go:53.2,53.76 1 1
xunjianbao-backend/internal/middleware/upload.go:57.50,60.30 2 0
xunjianbao-backend/internal/middleware/upload.go:60.30,62.40 1 0
xunjianbao-backend/internal/middleware/upload.go:62.40,66.4 3 0
xunjianbao-backend/internal/middleware/upload.go:69.3,72.11 3 0
xunjianbao-backend/internal/middleware/upload.go:83.45,88.2 1 1
xunjianbao-backend/internal/middleware/upload.go:91.90,93.27 1 1
xunjianbao-backend/internal/middleware/upload.go:93.27,97.3 1 1
xunjianbao-backend/internal/middleware/upload.go:100.2,101.50 2 1
xunjianbao-backend/internal/middleware/upload.go:101.50,102.33 1 1
xunjianbao-backend/internal/middleware/upload.go:102.33,104.9 2 1
xunjianbao-backend/internal/middleware/upload.go:108.2,108.16 1 1
xunjianbao-backend/internal/middleware/upload.go:108.16,111.3 1 1
xunjianbao-backend/internal/middleware/upload.go:113.2,113.12 1 1
xunjianbao-backend/internal/middleware/upload.go:124.45,130.2 1 1
xunjianbao-backend/internal/middleware/upload.go:139.51,151.2 1 1
xunjianbao-backend/internal/service/ai.go:23.63,31.2 1 0
xunjianbao-backend/internal/service/ai.go:34.40,36.2 1 0
xunjianbao-backend/internal/service/ai.go:39.99,41.17 2 0
xunjianbao-backend/internal/service/ai.go:41.17,43.17 2 0
xunjianbao-backend/internal/service/ai.go:43.17,45.4 1 0
xunjianbao-backend/internal/service/ai.go:46.3,46.34 1 0
xunjianbao-backend/internal/service/ai.go:49.2,50.16 2 0
xunjianbao-backend/internal/service/ai.go:50.16,52.3 1 0
xunjianbao-backend/internal/service/ai.go:53.2,53.17 1 0
xunjianbao-backend/internal/service/ai.go:53.17,55.3 1 0
xunjianbao-backend/internal/service/ai.go:57.2,58.16 2 0
xunjianbao-backend/internal/service/ai.go:58.16,60.3 1 0
xunjianbao-backend/internal/service/ai.go:61.2,64.67 3 0
xunjianbao-backend/internal/service/ai.go:64.67,66.3 1 0
xunjianbao-backend/internal/service/ai.go:67.2,67.20 1 0
xunjianbao-backend/internal/service/ai.go:71.59,77.16 2 0
xunjianbao-backend/internal/service/ai.go:77.16,80.3 1 0
xunjianbao-backend/internal/service/ai.go:83.2,83.61 1 0
xunjianbao-backend/internal/service/ai.go:83.61,84.49 1 0
xunjianbao-backend/internal/service/ai.go:84.49,86.4 1 0
xunjianbao-backend/internal/service/ai.go:89.2,89.37 1 0
xunjianbao-backend/internal/service/ai.go:93.58,100.16 2 0
xunjianbao-backend/internal/service/ai.go:100.16,102.3 1 0
xunjianbao-backend/internal/service/ai.go:104.2,105.32 2 0
xunjianbao-backend/internal/service/ai.go:109.58,116.16 2 0
xunjianbao-backend/internal/service/ai.go:116.16,118.3 1 0
xunjianbao-backend/internal/service/ai.go:120.2,120.61 1 0
xunjianbao-backend/internal/service/ai.go:120.61,121.49 1 0
xunjianbao-backend/internal/service/ai.go:121.49,123.4 1 0
xunjianbao-backend/internal/service/ai.go:126.2,126.34 1 0
xunjianbao-backend/internal/service/ai.go:130.67,132.16 2 0
xunjianbao-backend/internal/service/ai.go:132.16,140.3 1 0
xunjianbao-backend/internal/service/ai.go:142.2,142.54 1 0
xunjianbao-backend/internal/service/ai.go:142.54,144.28 2 0
xunjianbao-backend/internal/service/ai.go:144.28,145.48 1 0
xunjianbao-backend/internal/service/ai.go:145.48,147.5 1 0
xunjianbao-backend/internal/service/ai.go:149.3,149.21 1 0
xunjianbao-backend/internal/service/ai.go:152.2,152.40 1 0
xunjianbao-backend/internal/service/ai.go:156.81,158.16 2 0
xunjianbao-backend/internal/service/ai.go:158.16,165.3 1 0
xunjianbao-backend/internal/service/ai.go:166.2,166.18 1 0
xunjianbao-backend/internal/service/ai.go:170.77,174.16 2 0
xunjianbao-backend/internal/service/ai.go:174.16,180.3 1 0
xunjianbao-backend/internal/service/ai.go:181.2,181.18 1 0
xunjianbao-backend/internal/service/ai.go:185.121,191.16 4 0
xunjianbao-backend/internal/service/ai.go:191.16,193.3 1 0
xunjianbao-backend/internal/service/ai.go:194.2,194.49 1 0
xunjianbao-backend/internal/service/ai.go:194.49,196.3 1 0
xunjianbao-backend/internal/service/ai.go:197.2,201.16 4 0
xunjianbao-backend/internal/service/ai.go:201.16,203.3 1 0
xunjianbao-backend/internal/service/ai.go:204.2,207.16 3 0
xunjianbao-backend/internal/service/ai.go:207.16,213.3 1 0
xunjianbao-backend/internal/service/ai.go:214.2,217.67 3 0
xunjianbao-backend/internal/service/ai.go:217.67,219.3 1 0
xunjianbao-backend/internal/service/ai.go:220.2,220.20 1 0
xunjianbao-backend/internal/service/ai.go:224.81,226.63 2 0
xunjianbao-backend/internal/service/ai.go:226.63,231.3 1 0
xunjianbao-backend/internal/service/ai.go:233.2,234.16 2 0
xunjianbao-backend/internal/service/ai.go:234.16,239.3 1 0
xunjianbao-backend/internal/service/ai.go:240.2,240.18 1 0
xunjianbao-backend/internal/service/ai.go:244.82,246.2 1 0
xunjianbao-backend/internal/service/ai.go:249.85,251.2 1 0
xunjianbao-backend/internal/service/ai.go:254.85,256.2 1 0
xunjianbao-backend/internal/service/alert.go:15.70,17.2 1 1
xunjianbao-backend/internal/service/alert.go:39.121,44.17 4 1
xunjianbao-backend/internal/service/alert.go:44.17,46.3 1 1
xunjianbao-backend/internal/service/alert.go:47.2,47.18 1 1
xunjianbao-backend/internal/service/alert.go:47.18,49.3 1 1
xunjianbao-backend/internal/service/alert.go:50.2,50.19 1 1
xunjianbao-backend/internal/service/alert.go:50.19,52.3 1 1
xunjianbao-backend/internal/service/alert.go:54.2,56.110 2 1
xunjianbao-backend/internal/service/alert.go:56.110,58.3 1 0
xunjianbao-backend/internal/service/alert.go:60.2,60.27 1 1
xunjianbao-backend/internal/service/alert.go:63.75,65.97 2 1
xunjianbao-backend/internal/service/alert.go:65.97,67.3 1 1
xunjianbao-backend/internal/service/alert.go:68.2,68.20 1 1
xunjianbao-backend/internal/service/alert.go:71.94,86.49 2 1
xunjianbao-backend/internal/service/alert.go:86.49,88.3 1 0
xunjianbao-backend/internal/service/alert.go:91.2,91.20 1 1
xunjianbao-backend/internal/service/alert.go:91.20,102.3 1 1
xunjianbao-backend/internal/service/alert.go:104.2,104.19 1 1
xunjianbao-backend/internal/service/alert.go:107.98,109.97 2 1
xunjianbao-backend/internal/service/alert.go:109.97,111.3 1 0
xunjianbao-backend/internal/service/alert.go:113.2,114.23 2 1
xunjianbao-backend/internal/service/alert.go:114.23,116.3 1 1
xunjianbao-backend/internal/service/alert.go:117.2,117.29 1 1
xunjianbao-backend/internal/service/alert.go:117.29,119.3 1 1
xunjianbao-backend/internal/service/alert.go:120.2,120.22 1 1
xunjianbao-backend/internal/service/alert.go:120.22,122.3 1 1
xunjianbao-backend/internal/service/alert.go:123.2,123.22 1 1
xunjianbao-backend/internal/service/alert.go:123.22,125.3 1 1
xunjianbao-backend/internal/service/alert.go:126.2,126.24 1 1
xunjianbao-backend/internal/service/alert.go:126.24,128.3 1 0
xunjianbao-backend/internal/service/alert.go:130.2,130.22 1 1
xunjianbao-backend/internal/service/alert.go:130.22,132.3 1 1
xunjianbao-backend/internal/service/alert.go:134.2,135.20 2 1
xunjianbao-backend/internal/service/alert.go:138.58,140.30 2 1
xunjianbao-backend/internal/service/alert.go:140.30,142.3 1 1
xunjianbao-backend/internal/service/alert.go:143.2,143.21 1 1
xunjianbao-backend/internal/service/alert.go:146.84,163.2 9 1
xunjianbao-backend/internal/service/auth.go:17.47,19.2 1 1
xunjianbao-backend/internal/service/auth.go:27.84,29.104 2 1
xunjianbao-backend/internal/service/auth.go:29.104,30.45 1 1
xunjianbao-backend/internal/service/auth.go:30.45,32.4 1 1
xunjianbao-backend/internal/service/auth.go:33.3,33.18 1 0
xunjianbao-backend/internal/service/auth.go:36.2,36.20 1 1
xunjianbao-backend/internal/service/auth.go:36.20,38.3 1 0
xunjianbao-backend/internal/service/auth.go:40.2,40.99 1 1
xunjianbao-backend/internal/service/auth.go:40.99,42.3 1 1
xunjianbao-backend/internal/service/auth.go:44.2,48.16 4 1
xunjianbao-backend/internal/service/auth.go:48.16,50.3 1 0
xunjianbao-backend/internal/service/auth.go:52.2,56.8 1 1
xunjianbao-backend/internal/service/auth.go:59.87,62.15 3 1
xunjianbao-backend/internal/service/auth.go:62.15,64.3 1 1
xunjianbao-backend/internal/service/auth.go:66.2,67.16 2 1
xunjianbao-backend/internal/service/auth.go:67.16,69.3 1 0
xunjianbao-backend/internal/service/auth.go:71.2,82.48 3 1
xunjianbao-backend/internal/service/auth.go:82.48,84.3 1 0
xunjianbao-backend/internal/service/auth.go:86.2,86.18 1 1
xunjianbao-backend/internal/service/auth.go:89.69,91.56 2 1
xunjianbao-backend/internal/service/auth.go:91.56,93.3 1 1
xunjianbao-backend/internal/service/auth.go:94.2,94.19 1 1
xunjianbao-backend/internal/service/auth_jwt.go:10.28,12.18 2 1
xunjianbao-backend/internal/service/auth_jwt.go:12.18,14.3 1 1
xunjianbao-backend/internal/service/auth_jwt.go:15.2,15.23 1 1
xunjianbao-backend/internal/service/auth_jwt.go:18.87,31.16 5 1
xunjianbao-backend/internal/service/auth_jwt.go:31.16,33.3 1 0
xunjianbao-backend/internal/service/auth_jwt.go:35.2,35.35 1 1
xunjianbao-backend/internal/service/cache.go:24.38,26.2 1 0
xunjianbao-backend/internal/service/cache.go:32.61,34.2 1 0
xunjianbao-backend/internal/service/cache.go:36.64,38.2 1 0
xunjianbao-backend/internal/service/cache.go:40.64,42.2 1 0
xunjianbao-backend/internal/service/cache.go:44.64,46.2 1 0
xunjianbao-backend/internal/service/cache.go:48.62,50.2 1 0
xunjianbao-backend/internal/service/cache.go:58.94,59.46 1 0
xunjianbao-backend/internal/service/cache.go:59.46,61.3 1 0
xunjianbao-backend/internal/service/cache.go:62.2,63.16 2 0
xunjianbao-backend/internal/service/cache.go:63.16,65.3 1 0
xunjianbao-backend/internal/service/cache.go:66.2,66.48 1 0
xunjianbao-backend/internal/service/cache.go:66.48,68.3 1 0
xunjianbao-backend/internal/service/cache.go:69.2,69.18 1 0
xunjianbao-backend/internal/service/cache.go:73.105,74.46 1 0
xunjianbao-backend/internal/service/cache.go:74.46,76.3 1 0
xunjianbao-backend/internal/service/cache.go:77.2,78.16 2 0
xunjianbao-backend/internal/service/cache.go:78.16,80.3 1 0
xunjianbao-backend/internal/service/cache.go:81.2,81.42 1 0
xunjianbao-backend/internal/service/cache.go:85.85,86.46 1 0
xunjianbao-backend/internal/service/cache.go:86.46,88.3 1 0
xunjianbao-backend/internal/service/cache.go:89.2,89.63 1 0
xunjianbao-backend/internal/service/cache.go:97.118,101.2 3 0
xunjianbao-backend/internal/service/cache.go:104.116,106.2 1 0
xunjianbao-backend/internal/service/cache.go:109.116,113.2 3 0
xunjianbao-backend/internal/service/cache.go:116.112,118.2 1 0
xunjianbao-backend/internal/service/cache.go:121.105,123.2 1 0
xunjianbao-backend/internal/service/cache.go:126.116,130.2 3 0
xunjianbao-backend/internal/service/cache.go:133.113,135.2 1 0
xunjianbao-backend/internal/service/cache.go:138.121,142.2 3 0
xunjianbao-backend/internal/service/cache.go:145.119,147.2 1 0
xunjianbao-backend/internal/service/dashboard.go:16.57,18.2 1 0
xunjianbao-backend/internal/service/dashboard.go:20.86,41.2 9 0
xunjianbao-backend/internal/service/dashboard.go:43.104,50.31 5 0
xunjianbao-backend/internal/service/dashboard.go:50.31,52.34 2 0
xunjianbao-backend/internal/service/dashboard.go:52.34,54.4 1 0
xunjianbao-backend/internal/service/dashboard.go:55.3,55.27 1 0
xunjianbao-backend/internal/service/dashboard.go:58.2,59.28 2 0
xunjianbao-backend/internal/service/dashboard.go:59.28,62.34 3 0
xunjianbao-backend/internal/service/dashboard.go:62.34,64.4 1 0
xunjianbao-backend/internal/service/dashboard.go:65.3,68.5 1 0
xunjianbao-backend/internal/service/dashboard.go:71.2,71.20 1 0
xunjianbao-backend/internal/service/dashboard.go:74.105,76.28 2 0
xunjianbao-backend/internal/service/dashboard.go:76.28,83.3 2 0
xunjianbao-backend/internal/service/dashboard.go:84.2,84.20 1 0
xunjianbao-backend/internal/service/dashboard.go:87.92,95.27 4 0
xunjianbao-backend/internal/service/dashboard.go:95.27,104.3 1 0
xunjianbao-backend/internal/service/dashboard.go:105.2,105.20 1 0
xunjianbao-backend/internal/service/dashboard.go:108.68,116.2 1 0
xunjianbao-backend/internal/service/dashboard.go:118.110,126.27 4 0
xunjianbao-backend/internal/service/dashboard.go:126.27,134.3 1 0
xunjianbao-backend/internal/service/dashboard.go:135.2,135.24 1 0
xunjianbao-backend/internal/service/defect_case.go:22.59,24.2 1 0
xunjianbao-backend/internal/service/defect_case.go:123.136,129.25 4 0
xunjianbao-backend/internal/service/defect_case.go:129.25,131.3 1 0
xunjianbao-backend/internal/service/defect_case.go:132.2,132.29 1 0
xunjianbao-backend/internal/service/defect_case.go:132.29,134.3 1 0
xunjianbao-backend/internal/service/defect_case.go:135.2,135.27 1 0
xunjianbao-backend/internal/service/defect_case.go:135.27,137.3 1 0
xunjianbao-backend/internal/service/defect_case.go:138.2,138.25 1 0
xunjianbao-backend/internal/service/defect_case.go:138.25,140.3 1 0
xunjianbao-backend/internal/service/defect_case.go:141.2,141.31 1 0
xunjianbao-backend/internal/service/defect_case.go:141.31,143.3 1 0
xunjianbao-backend/internal/service/defect_case.go:144.2,144.27 1 0
xunjianbao-backend/internal/service/defect_case.go:144.27,146.3 1 0
xunjianbao-backend/internal/service/defect_case.go:147.2,147.26 1 0
xunjianbao-backend/internal/service/defect_case.go:147.26,150.3 1 0
xunjianbao-backend/internal/service/defect_case.go:151.2,151.28 1 0
xunjianbao-backend/internal/service/defect_case.go:151.28,153.3 1 0
xunjianbao-backend/internal/service/defect_case.go:154.2,154.26 1 0
xunjianbao-backend/internal/service/defect_case.go:154.26,156.3 1 0
xunjianbao-backend/internal/service/defect_case.go:158.2,160.109 2 0
xunjianbao-backend/internal/service/defect_case.go:160.109,162.3 1 0
xunjianbao-backend/internal/service/defect_case.go:164.2,164.26 1 0
xunjianbao-backend/internal/service/defect_case.go:176.90,178.102 2 0
xunjianbao-backend/internal/service/defect_case.go:178.102,180.3 1 0
xunjianbao-backend/internal/service/defect_case.go:182.2,193.20 5 0
xunjianbao-backend/internal/service/defect_case.go:198.122,218.31 3 0
xunjianbao-backend/internal/service/defect_case.go:218.31,220.3 1 0
xunjianbao-backend/internal/service/defect_case.go:222.2,223.52 2 0
xunjianbao-backend/internal/service/defect_case.go:223.52,226.3 2 0
xunjianbao-backend/internal/service/defect_case.go:229.2,229.31 1 0
xunjianbao-backend/internal/service/defect_case.go:229.31,230.42 1 0
xunjianbao-backend/internal/service/defect_case.go:230.42,244.52 2 0
xunjianbao-backend/internal/service/defect_case.go:244.52,247.5 2 0
xunjianbao-backend/internal/service/defect_case.go:249.3,253.32 3 0
xunjianbao-backend/internal/service/defect_case.go:253.32,259.4 5 0
xunjianbao-backend/internal/service/defect_case.go:262.2,266.24 3 0
xunjianbao-backend/internal/service/defect_case.go:271.118,273.102 2 0
xunjianbao-backend/internal/service/defect_case.go:273.102,275.3 1 0
xunjianbao-backend/internal/service/defect_case.go:277.2,278.22 2 0
xunjianbao-backend/internal/service/defect_case.go:278.22,280.3 1 0
xunjianbao-backend/internal/service/defect_case.go:281.2,281.25 1 0
xunjianbao-backend/internal/service/defect_case.go:281.25,283.3 1 0
xunjianbao-backend/internal/service/defect_case.go:284.2,284.23 1 0
xunjianbao-backend/internal/service/defect_case.go:284.23,286.3 1 0
xunjianbao-backend/internal/service/defect_case.go:287.2,287.25 1 0
xunjianbao-backend/internal/service/defect_case.go:287.25,289.3 1 0
xunjianbao-backend/internal/service/defect_case.go:290.2,290.24 1 0
xunjianbao-backend/internal/service/defect_case.go:290.24,292.3 1 0
xunjianbao-backend/internal/service/defect_case.go:293.2,293.28 1 0
xunjianbao-backend/internal/service/defect_case.go:293.28,295.3 1 0
xunjianbao-backend/internal/service/defect_case.go:296.2,296.29 1 0
xunjianbao-backend/internal/service/defect_case.go:296.29,298.3 1 0
xunjianbao-backend/internal/service/defect_case.go:300.2,300.22 1 0
xunjianbao-backend/internal/service/defect_case.go:300.22,301.72 1 0
xunjianbao-backend/internal/service/defect_case.go:301.72,303.4 1 0
xunjianbao-backend/internal/service/defect_case.go:306.2,307.25 2 0
xunjianbao-backend/internal/service/defect_case.go:312.68,314.30 2 0
xunjianbao-backend/internal/service/defect_case.go:314.30,316.3 1 0
xunjianbao-backend/internal/service/defect_case.go:317.2,317.21 1 0
xunjianbao-backend/internal/service/defect_case.go:322.107,325.116 2 0
xunjianbao-backend/internal/service/defect_case.go:325.116,327.3 1 0
xunjianbao-backend/internal/service/defect_case.go:329.2,332.45 2 0
xunjianbao-backend/internal/service/defect_case.go:332.45,334.107 2 0
xunjianbao-backend/internal/service/defect_case.go:334.107,337.4 2 0
xunjianbao-backend/internal/service/defect_case.go:340.3,350.25 3 0
xunjianbao-backend/internal/service/defect_case.go:354.2,370.25 7 0
xunjianbao-backend/internal/service/defect_case.go:370.25,372.3 1 0
xunjianbao-backend/internal/service/defect_case.go:373.2,373.24 1 0
xunjianbao-backend/internal/service/defect_case.go:373.24,375.3 1 0
xunjianbao-backend/internal/service/defect_case.go:377.2,380.42 3 0
xunjianbao-backend/internal/service/defect_case.go:380.42,382.3 1 0
xunjianbao-backend/internal/service/defect_case.go:384.2,384.46 1 0
xunjianbao-backend/internal/service/defect_case.go:389.131,391.108 2 0
xunjianbao-backend/internal/service/defect_case.go:391.108,393.3 1 0
xunjianbao-backend/internal/service/defect_case.go:395.2,399.17 3 0
xunjianbao-backend/internal/service/defect_case.go:399.17,401.3 1 0
xunjianbao-backend/internal/service/defect_case.go:402.2,419.49 2 0
xunjianbao-backend/internal/service/defect_case.go:419.49,422.3 2 0
xunjianbao-backend/internal/service/defect_case.go:425.2,427.51 1 0
xunjianbao-backend/internal/service/defect_case.go:427.51,430.3 2 0
xunjianbao-backend/internal/service/defect_case.go:433.2,442.42 7 0
xunjianbao-backend/internal/service/defect_case.go:442.42,444.3 1 0
xunjianbao-backend/internal/service/defect_case.go:446.2,447.21 2 0
xunjianbao-backend/internal/service/defect_case.go:452.134,454.106 2 0
xunjianbao-backend/internal/service/defect_case.go:454.106,456.3 1 0
xunjianbao-backend/internal/service/defect_case.go:458.2,459.108 2 0
xunjianbao-backend/internal/service/defect_case.go:459.108,461.3 1 0
xunjianbao-backend/internal/service/defect_case.go:463.2,476.42 5 0
xunjianbao-backend/internal/service/defect_case.go:476.42,478.3 1 0
xunjianbao-backend/internal/service/defect_case.go:480.2,481.25 2 0
xunjianbao-backend/internal/service/defect_case.go:486.133,488.106 2 0
xunjianbao-backend/internal/service/defect_case.go:488.106,490.3 1 0
xunjianbao-backend/internal/service/defect_case.go:492.2,494.33 3 0
xunjianbao-backend/internal/service/defect_case.go:494.33,496.3 1 0
xunjianbao-backend/internal/service/defect_case.go:498.2,498.53 1 0
xunjianbao-backend/internal/service/defect_case.go:498.53,500.3 1 0
xunjianbao-backend/internal/service/defect_case.go:503.2,506.23 3 0
xunjianbao-backend/internal/service/defect_case.go:511.135,513.106 2 0
xunjianbao-backend/internal/service/defect_case.go:513.106,515.3 1 0
xunjianbao-backend/internal/service/defect_case.go:518.2,539.49 6 0
xunjianbao-backend/internal/service/defect_case.go:539.49,541.3 1 0
xunjianbao-backend/internal/service/defect_case.go:544.2,546.19 2 0
xunjianbao-backend/internal/service/defect_case.go:549.136,551.102 2 0
xunjianbao-backend/internal/service/defect_case.go:551.102,553.3 1 0
xunjianbao-backend/internal/service/defect_case.go:555.2,556.22 2 0
xunjianbao-backend/internal/service/defect_case.go:556.22,558.3 1 0
xunjianbao-backend/internal/service/defect_case.go:559.2,559.25 1 0
xunjianbao-backend/internal/service/defect_case.go:559.25,561.3 1 0
xunjianbao-backend/internal/service/defect_case.go:562.2,562.27 1 0
xunjianbao-backend/internal/service/defect_case.go:562.27,564.3 1 0
xunjianbao-backend/internal/service/defect_case.go:565.2,565.29 1 0
xunjianbao-backend/internal/service/defect_case.go:565.29,567.3 1 0
xunjianbao-backend/internal/service/defect_case.go:568.2,568.25 1 0
xunjianbao-backend/internal/service/defect_case.go:568.25,570.3 1 0
xunjianbao-backend/internal/service/defect_case.go:571.2,571.29 1 0
xunjianbao-backend/internal/service/defect_case.go:571.29,573.3 1 0
xunjianbao-backend/internal/service/defect_case.go:574.2,574.31 1 0
xunjianbao-backend/internal/service/defect_case.go:574.31,576.3 1 0
xunjianbao-backend/internal/service/defect_case.go:577.2,577.28 1 0
xunjianbao-backend/internal/service/defect_case.go:577.28,579.3 1 0
xunjianbao-backend/internal/service/defect_case.go:580.2,580.23 1 0
xunjianbao-backend/internal/service/defect_case.go:580.23,582.3 1 0
xunjianbao-backend/internal/service/defect_case.go:584.2,584.22 1 0
xunjianbao-backend/internal/service/defect_case.go:584.22,586.3 1 0
xunjianbao-backend/internal/service/defect_case.go:588.2,589.20 2 0
xunjianbao-backend/internal/service/defect_case.go:592.151,594.102 2 0
xunjianbao-backend/internal/service/defect_case.go:594.102,596.3 1 0
xunjianbao-backend/internal/service/defect_case.go:598.2,604.28 3 0
xunjianbao-backend/internal/service/defect_case.go:604.28,606.3 1 0
xunjianbao-backend/internal/service/defect_case.go:608.2,615.20 4 0
xunjianbao-backend/internal/service/defect_case.go:618.103,620.102 2 0
xunjianbao-backend/internal/service/defect_case.go:620.102,622.3 1 0
xunjianbao-backend/internal/service/defect_case.go:623.2,623.20 1 0
xunjianbao-backend/internal/service/defect_case.go:628.89,684.2 21 0
xunjianbao-backend/internal/service/defect_case.go:689.135,692.82 2 0
xunjianbao-backend/internal/service/defect_case.go:692.82,694.3 1 0
xunjianbao-backend/internal/service/defect_case.go:697.2,698.29 2 0
xunjianbao-backend/internal/service/defect_case.go:698.29,699.77 1 0
xunjianbao-backend/internal/service/defect_case.go:699.77,701.4 1 0
xunjianbao-backend/internal/service/defect_case.go:705.2,719.40 4 0
xunjianbao-backend/internal/service/defect_case.go:723.95,724.23 1 0
xunjianbao-backend/internal/service/defect_case.go:724.23,726.3 1 0
xunjianbao-backend/internal/service/defect_case.go:729.2,731.30 3 0
xunjianbao-backend/internal/service/defect_case.go:731.30,732.45 1 0
xunjianbao-backend/internal/service/defect_case.go:732.45,733.70 1 0
xunjianbao-backend/internal/service/defect_case.go:733.70,736.5 2 0
xunjianbao-backend/internal/service/defect_case.go:738.3,738.45 1 0
xunjianbao-backend/internal/service/defect_case.go:738.45,739.70 1 0
xunjianbao-backend/internal/service/defect_case.go:739.70,742.5 2 0
xunjianbao-backend/internal/service/defect_case.go:746.2,746.19 1 0
xunjianbao-backend/internal/service/defect_case.go:747.23,748.53 1 0
xunjianbao-backend/internal/service/defect_case.go:749.28,750.63 1 0
xunjianbao-backend/internal/service/defect_case.go:751.15,752.60 1 0
xunjianbao-backend/internal/service/defect_case.go:753.17,754.62 1 0
xunjianbao-backend/internal/service/defect_case.go:755.32,756.54 1 0
xunjianbao-backend/internal/service/defect_case.go:757.10,758.59 1 0
xunjianbao-backend/internal/service/errors.go:19.40,21.16 2 0
xunjianbao-backend/internal/service/errors.go:21.16,23.3 1 0
xunjianbao-backend/internal/service/errors.go:24.2,24.21 1 0
xunjianbao-backend/internal/service/media.go:24.71,26.23 2 0
xunjianbao-backend/internal/service/media.go:26.23,28.3 1 0
xunjianbao-backend/internal/service/media.go:30.2,33.78 3 0
xunjianbao-backend/internal/service/media.go:52.170,57.20 4 0
xunjianbao-backend/internal/service/media.go:57.20,59.3 1 0
xunjianbao-backend/internal/service/media.go:60.2,60.21 1 0
xunjianbao-backend/internal/service/media.go:60.21,62.3 1 0
xunjianbao-backend/internal/service/media.go:63.2,63.20 1 0
xunjianbao-backend/internal/service/media.go:63.20,65.3 1 0
xunjianbao-backend/internal/service/media.go:66.2,66.18 1 0
xunjianbao-backend/internal/service/media.go:66.18,69.3 2 0
xunjianbao-backend/internal/service/media.go:71.2,73.109 2 0
xunjianbao-backend/internal/service/media.go:73.109,75.3 1 0
xunjianbao-backend/internal/service/media.go:77.2,77.26 1 0
xunjianbao-backend/internal/service/media.go:81.102,88.109 5 0
xunjianbao-backend/internal/service/media.go:88.109,90.3 1 0
xunjianbao-backend/internal/service/media.go:92.2,92.26 1 0
xunjianbao-backend/internal/service/media.go:96.80,98.97 2 0
xunjianbao-backend/internal/service/media.go:98.97,100.3 1 0
xunjianbao-backend/internal/service/media.go:101.2,101.20 1 0
xunjianbao-backend/internal/service/media.go:105.151,108.16 2 0
xunjianbao-backend/internal/service/media.go:108.16,110.3 1 0
xunjianbao-backend/internal/service/media.go:111.2,129.16 11 0
xunjianbao-backend/internal/service/media.go:129.16,131.3 1 0
xunjianbao-backend/internal/service/media.go:132.2,136.16 3 0
xunjianbao-backend/internal/service/media.go:136.16,139.3 2 0
xunjianbao-backend/internal/service/media.go:142.2,160.49 4 0
xunjianbao-backend/internal/service/media.go:160.49,163.3 2 0
xunjianbao-backend/internal/service/media.go:166.2,170.19 2 0
xunjianbao-backend/internal/service/media.go:174.62,176.97 2 0
xunjianbao-backend/internal/service/media.go:176.97,178.3 1 0
xunjianbao-backend/internal/service/media.go:181.2,181.22 1 0
xunjianbao-backend/internal/service/media.go:181.22,183.3 1 0
xunjianbao-backend/internal/service/media.go:186.2,191.34 2 0
xunjianbao-backend/internal/service/media.go:195.81,197.97 2 0
xunjianbao-backend/internal/service/media.go:197.97,199.3 1 0
xunjianbao-backend/internal/service/media.go:200.2,200.44 1 0
xunjianbao-backend/internal/service/media.go:204.98,207.21 3 0
xunjianbao-backend/internal/service/media.go:207.21,209.3 1 0
xunjianbao-backend/internal/service/media.go:209.8,211.3 1 0
xunjianbao-backend/internal/service/media.go:212.2,212.69 1 0
xunjianbao-backend/internal/service/media.go:212.69,214.3 1 0
xunjianbao-backend/internal/service/media.go:215.2,215.21 1 0
xunjianbao-backend/internal/service/media.go:219.125,226.50 2 0
xunjianbao-backend/internal/service/media.go:226.50,228.3 1 0
xunjianbao-backend/internal/service/media.go:229.2,229.20 1 0
xunjianbao-backend/internal/service/media.go:233.103,235.97 2 0
xunjianbao-backend/internal/service/media.go:235.97,237.3 1 0
xunjianbao-backend/internal/service/media.go:239.2,240.28 2 0
xunjianbao-backend/internal/service/media.go:240.28,242.3 1 0
xunjianbao-backend/internal/service/media.go:243.2,243.25 1 0
xunjianbao-backend/internal/service/media.go:243.25,245.3 1 0
xunjianbao-backend/internal/service/media.go:247.2,247.22 1 0
xunjianbao-backend/internal/service/media.go:247.22,248.67 1 0
xunjianbao-backend/internal/service/media.go:248.67,250.4 1 0
xunjianbao-backend/internal/service/media.go:254.2,255.20 2 0
xunjianbao-backend/internal/service/media.go:259.116,261.98 2 0
xunjianbao-backend/internal/service/media.go:261.98,263.3 1 0
xunjianbao-backend/internal/service/media.go:265.2,266.21 2 0
xunjianbao-backend/internal/service/media.go:266.21,268.3 1 0
xunjianbao-backend/internal/service/media.go:269.2,269.25 1 0
xunjianbao-backend/internal/service/media.go:269.25,271.3 1 0
xunjianbao-backend/internal/service/media.go:273.2,273.22 1 0
xunjianbao-backend/internal/service/media.go:273.22,274.68 1 0
xunjianbao-backend/internal/service/media.go:274.68,276.4 1 0
xunjianbao-backend/internal/service/media.go:279.2,280.21 2 0
xunjianbao-backend/internal/service/media.go:284.64,286.98 2 0
xunjianbao-backend/internal/service/media.go:286.98,288.3 1 0
xunjianbao-backend/internal/service/media.go:291.2,294.35 2 0
xunjianbao-backend/internal/service/media.go:298.48,300.2 1 0
xunjianbao-backend/internal/service/media.go:303.88,327.21 11 0
xunjianbao-backend/internal/service/media.go:327.21,329.3 1 0
xunjianbao-backend/internal/service/media.go:331.2,332.20 2 0
xunjianbao-backend/internal/service/media.go:332.20,334.3 1 0
xunjianbao-backend/internal/service/media.go:336.2,342.8 1 0
xunjianbao-backend/internal/service/media.go:346.78,348.97 2 0
xunjianbao-backend/internal/service/media.go:348.97,350.3 1 0
xunjianbao-backend/internal/service/media.go:351.2,352.48 2 0
xunjianbao-backend/internal/service/media.go:352.48,354.3 1 0
xunjianbao-backend/internal/service/media.go:355.2,355.20 1 0
xunjianbao-backend/internal/service/media.go:359.63,364.2 2 0
xunjianbao-backend/internal/service/media.go:367.76,371.2 1 0
xunjianbao-backend/internal/service/media.go:374.80,378.2 1 0
xunjianbao-backend/internal/service/media.go:381.85,385.2 1 0
xunjianbao-backend/internal/service/media.go:388.71,392.2 1 0
xunjianbao-backend/internal/service/media.go:395.119,399.16 3 0
xunjianbao-backend/internal/service/media.go:399.16,407.3 1 0
xunjianbao-backend/internal/service/media.go:408.2,413.8 1 0
xunjianbao-backend/internal/service/media.go:417.119,426.16 4 0
xunjianbao-backend/internal/service/media.go:426.16,434.3 1 0
xunjianbao-backend/internal/service/media.go:435.2,438.20 4 0
xunjianbao-backend/internal/service/media.go:442.43,443.43 1 1
xunjianbao-backend/internal/service/media.go:443.43,445.3 1 1
xunjianbao-backend/internal/service/media.go:446.2,446.43 1 1
xunjianbao-backend/internal/service/media.go:446.43,448.3 1 1
xunjianbao-backend/internal/service/media.go:449.2,449.43 1 1
xunjianbao-backend/internal/service/media.go:449.43,451.3 1 1
xunjianbao-backend/internal/service/media.go:452.2,462.29 2 1
xunjianbao-backend/internal/service/media.go:462.29,464.3 1 1
xunjianbao-backend/internal/service/media.go:465.2,465.16 1 1
xunjianbao-backend/internal/service/media.go:468.33,471.19 3 0
xunjianbao-backend/internal/service/media.go:471.19,473.3 1 0
xunjianbao-backend/internal/service/media.go:474.2,474.18 1 0
xunjianbao-backend/internal/service/oncall.go:15.51,17.2 1 0
xunjianbao-backend/internal/service/oncall.go:35.92,39.68 3 0
xunjianbao-backend/internal/service/oncall.go:39.68,41.3 1 0
xunjianbao-backend/internal/service/oncall.go:42.2,42.23 1 0
xunjianbao-backend/internal/service/oncall.go:45.115,49.21 3 0
xunjianbao-backend/internal/service/oncall.go:49.21,50.64 1 0
xunjianbao-backend/internal/service/oncall.go:50.64,52.4 1 0
xunjianbao-backend/internal/service/oncall.go:54.2,54.19 1 0
xunjianbao-backend/internal/service/oncall.go:54.19,55.62 1 0
xunjianbao-backend/internal/service/oncall.go:55.62,57.4 1 0
xunjianbao-backend/internal/service/oncall.go:59.2,59.18 1 0
xunjianbao-backend/internal/service/oncall.go:59.18,61.3 1 0
xunjianbao-backend/internal/service/oncall.go:63.2,63.79 1 0
xunjianbao-backend/internal/service/oncall.go:63.79,65.3 1 0
xunjianbao-backend/internal/service/oncall.go:67.2,67.23 1 0
xunjianbao-backend/internal/service/oncall.go:70.115,81.52 2 0
xunjianbao-backend/internal/service/oncall.go:81.52,83.3 1 0
xunjianbao-backend/internal/service/oncall.go:85.2,85.22 1 0
xunjianbao-backend/internal/service/oncall.go:88.87,90.64 2 0
xunjianbao-backend/internal/service/oncall.go:90.64,92.3 1 0
xunjianbao-backend/internal/service/oncall.go:94.2,99.20 3 0
xunjianbao-backend/internal/service/oncall.go:102.74,109.30 2 0
xunjianbao-backend/internal/service/oncall.go:109.30,111.3 1 0
xunjianbao-backend/internal/service/oncall.go:112.2,112.21 1 0
xunjianbao-backend/internal/service/oncall.go:115.95,118.22 3 0
xunjianbao-backend/internal/service/oncall.go:118.22,120.3 1 0
xunjianbao-backend/internal/service/oncall.go:121.2,121.76 1 0
xunjianbao-backend/internal/service/oncall.go:121.76,123.3 1 0
xunjianbao-backend/internal/service/oncall.go:124.2,124.21 1 0
xunjianbao-backend/internal/service/oncall.go:127.127,130.108 2 0
xunjianbao-backend/internal/service/oncall.go:130.108,132.3 1 0
xunjianbao-backend/internal/service/oncall.go:134.2,144.50 2 0
xunjianbao-backend/internal/service/oncall.go:144.50,146.3 1 0
xunjianbao-backend/internal/service/oncall.go:148.2,148.20 1 0
xunjianbao-backend/internal/service/oncall.go:151.88,156.26 4 0
xunjianbao-backend/internal/service/oncall.go:156.26,164.3 1 0
xunjianbao-backend/internal/service/oncall.go:165.2,165.22 1 0
xunjianbao-backend/internal/service/openclaw.go:17.55,19.2 1 0
xunjianbao-backend/internal/service/openclaw.go:25.138,30.50 4 0
xunjianbao-backend/internal/service/openclaw.go:30.50,32.3 1 0
xunjianbao-backend/internal/service/openclaw.go:34.2,35.108 2 0
xunjianbao-backend/internal/service/openclaw.go:35.108,37.3 1 0
xunjianbao-backend/internal/service/openclaw.go:39.2,39.29 1 0
xunjianbao-backend/internal/service/openclaw.go:42.119,46.37 2 0
xunjianbao-backend/internal/service/openclaw.go:46.37,48.3 1 0
xunjianbao-backend/internal/service/openclaw.go:49.2,49.22 1 0
xunjianbao-backend/internal/service/openclaw.go:52.168,54.33 2 0
xunjianbao-backend/internal/service/openclaw.go:54.33,57.3 2 0
xunjianbao-backend/internal/service/openclaw.go:59.2,60.22 2 0
xunjianbao-backend/internal/service/openclaw.go:60.22,62.3 1 0
xunjianbao-backend/internal/service/openclaw.go:64.2,75.68 2 0
xunjianbao-backend/internal/service/openclaw.go:75.68,77.3 1 0
xunjianbao-backend/internal/service/openclaw.go:78.2,78.21 1 0
xunjianbao-backend/internal/service/openclaw.go:81.155,83.21 2 0
xunjianbao-backend/internal/service/openclaw.go:83.21,85.3 1 0
xunjianbao-backend/internal/service/openclaw.go:86.2,86.22 1 0
xunjianbao-backend/internal/service/openclaw.go:86.22,88.3 1 0
xunjianbao-backend/internal/service/openclaw.go:89.2,89.23 1 0
xunjianbao-backend/internal/service/openclaw.go:89.23,91.3 1 0
xunjianbao-backend/internal/service/openclaw.go:92.2,92.19 1 0
xunjianbao-backend/internal/service/openclaw.go:92.19,94.3 1 0
xunjianbao-backend/internal/service/openclaw.go:96.2,96.23 1 0
xunjianbao-backend/internal/service/openclaw.go:96.23,98.3 1 0
xunjianbao-backend/internal/service/openclaw.go:100.2,103.38 1 0
xunjianbao-backend/internal/service/openclaw.go:103.38,105.3 1 0
xunjianbao-backend/internal/service/openclaw.go:107.2,107.40 1 0
xunjianbao-backend/internal/service/openclaw.go:110.96,114.2 1 0
xunjianbao-backend/internal/service/openclaw.go:116.118,131.2 6 0
xunjianbao-backend/internal/service/openclaw.go:137.115,142.38 2 0
xunjianbao-backend/internal/service/openclaw.go:142.38,144.3 1 0
xunjianbao-backend/internal/service/openclaw.go:145.2,145.23 1 0
xunjianbao-backend/internal/service/openclaw.go:148.123,152.34 2 0
xunjianbao-backend/internal/service/openclaw.go:152.34,154.3 1 0
xunjianbao-backend/internal/service/openclaw.go:155.2,155.19 1 0
xunjianbao-backend/internal/service/openclaw.go:158.149,160.26 2 0
xunjianbao-backend/internal/service/openclaw.go:160.26,163.3 2 0
xunjianbao-backend/internal/service/openclaw.go:165.2,176.65 2 0
xunjianbao-backend/internal/service/openclaw.go:176.65,178.3 1 0
xunjianbao-backend/internal/service/openclaw.go:179.2,179.18 1 0
xunjianbao-backend/internal/service/openclaw.go:182.160,184.20 2 0
xunjianbao-backend/internal/service/openclaw.go:184.20,186.3 1 0
xunjianbao-backend/internal/service/openclaw.go:187.2,187.27 1 0
xunjianbao-backend/internal/service/openclaw.go:187.27,189.3 1 0
xunjianbao-backend/internal/service/openclaw.go:190.2,190.23 1 0
xunjianbao-backend/internal/service/openclaw.go:190.23,192.3 1 0
xunjianbao-backend/internal/service/openclaw.go:193.2,193.29 1 0
xunjianbao-backend/internal/service/openclaw.go:193.29,195.3 1 0
xunjianbao-backend/internal/service/openclaw.go:196.2,196.26 1 0
xunjianbao-backend/internal/service/openclaw.go:196.26,199.3 2 0
xunjianbao-backend/internal/service/openclaw.go:200.2,200.24 1 0
xunjianbao-backend/internal/service/openclaw.go:200.24,202.3 1 0
xunjianbao-backend/internal/service/openclaw.go:204.2,204.23 1 0
xunjianbao-backend/internal/service/openclaw.go:204.23,206.3 1 0
xunjianbao-backend/internal/service/openclaw.go:208.2,211.38 1 0
xunjianbao-backend/internal/service/openclaw.go:211.38,213.3 1 0
xunjianbao-backend/internal/service/openclaw.go:215.2,215.41 1 0
xunjianbao-backend/internal/service/openclaw.go:218.97,223.2 1 0
xunjianbao-backend/internal/service/qa.go:13.43,15.2 1 0
xunjianbao-backend/internal/service/qa.go:29.91,38.2 3 0
xunjianbao-backend/internal/service/qa.go:41.87,45.42 2 0
xunjianbao-backend/internal/service/qa.go:45.42,47.3 1 0
xunjianbao-backend/internal/service/qa.go:48.2,48.27 1 0
xunjianbao-backend/internal/service/qa.go:51.93,53.96 2 0
xunjianbao-backend/internal/service/qa.go:53.96,55.3 1 0
xunjianbao-backend/internal/service/qa.go:56.2,56.19 1 0
xunjianbao-backend/internal/service/qa.go:59.81,63.30 2 0
xunjianbao-backend/internal/service/qa.go:63.30,65.3 1 0
xunjianbao-backend/internal/service/qa.go:66.2,66.21 1 0
xunjianbao-backend/internal/service/qa.go:70.89,72.81 2 0
xunjianbao-backend/internal/service/qa.go:72.81,74.3 1 0
xunjianbao-backend/internal/service/qa.go:75.2,75.19 1 0
xunjianbao-backend/internal/service/qa.go:78.122,84.48 2 0
xunjianbao-backend/internal/service/qa.go:84.48,86.3 1 0
xunjianbao-backend/internal/service/qa.go:87.2,87.18 1 0
xunjianbao-backend/internal/service/qa.go:90.68,92.30 2 0
xunjianbao-backend/internal/service/qa.go:92.30,94.3 1 0
xunjianbao-backend/internal/service/qa.go:95.2,95.21 1 0
xunjianbao-backend/internal/service/qa.go:99.113,107.47 2 0
xunjianbao-backend/internal/service/qa.go:107.47,109.3 1 0
xunjianbao-backend/internal/service/qa.go:110.2,110.17 1 0
xunjianbao-backend/internal/service/qa.go:113.95,116.16 3 0
xunjianbao-backend/internal/service/qa.go:116.16,118.3 1 0
xunjianbao-backend/internal/service/qa.go:119.2,119.17 1 0
xunjianbao-backend/internal/service/qa.go:119.17,121.3 1 0
xunjianbao-backend/internal/service/qa.go:122.2,122.44 1 0
xunjianbao-backend/internal/service/qa.go:122.44,124.3 1 0
xunjianbao-backend/internal/service/qa.go:125.2,125.18 1 0
xunjianbao-backend/internal/service/qa.go:129.31,131.23 2 0
xunjianbao-backend/internal/service/qa.go:131.23,132.29 1 0
xunjianbao-backend/internal/service/qa.go:132.29,134.4 1 0
xunjianbao-backend/internal/service/qa.go:134.9,135.9 1 0
xunjianbao-backend/internal/service/qa.go:138.2,138.10 1 0
xunjianbao-backend/internal/service/report.go:16.51,18.2 1 1
xunjianbao-backend/internal/service/report.go:33.118,38.22 4 1
xunjianbao-backend/internal/service/report.go:38.22,40.3 1 1
xunjianbao-backend/internal/service/report.go:42.2,44.111 2 1
xunjianbao-backend/internal/service/report.go:44.111,46.3 1 0
xunjianbao-backend/internal/service/report.go:48.2,48.28 1 1
xunjianbao-backend/internal/service/report.go:51.77,53.98 2 1
xunjianbao-backend/internal/service/report.go:53.98,55.3 1 1
xunjianbao-backend/internal/service/report.go:56.2,56.21 1 1
xunjianbao-backend/internal/service/report.go:59.97,68.50 2 1
xunjianbao-backend/internal/service/report.go:68.50,70.3 1 0
xunjianbao-backend/internal/service/report.go:72.2,72.20 1 1
xunjianbao-backend/internal/service/report.go:75.101,77.98 2 1
xunjianbao-backend/internal/service/report.go:77.98,79.3 1 1
xunjianbao-backend/internal/service/report.go:81.2,82.22 2 1
xunjianbao-backend/internal/service/report.go:82.22,84.3 1 1
xunjianbao-backend/internal/service/report.go:85.2,85.23 1 1
xunjianbao-backend/internal/service/report.go:85.23,87.3 1 1
xunjianbao-backend/internal/service/report.go:88.2,88.24 1 1
xunjianbao-backend/internal/service/report.go:88.24,90.3 1 1
xunjianbao-backend/internal/service/report.go:91.2,91.24 1 1
xunjianbao-backend/internal/service/report.go:91.24,93.3 1 0
xunjianbao-backend/internal/service/report.go:95.2,95.22 1 1
xunjianbao-backend/internal/service/report.go:95.22,97.3 1 1
xunjianbao-backend/internal/service/report.go:99.2,100.21 2 1
xunjianbao-backend/internal/service/report.go:103.59,105.30 2 1
xunjianbao-backend/internal/service/report.go:105.30,107.3 1 1
xunjianbao-backend/internal/service/report.go:108.2,108.21 1 1
xunjianbao-backend/internal/service/report.go:111.85,113.98 2 1
xunjianbao-backend/internal/service/report.go:113.98,115.3 1 1
xunjianbao-backend/internal/service/report.go:117.2,122.8 1 1
xunjianbao-backend/internal/service/sensor.go:14.51,16.2 1 0
xunjianbao-backend/internal/service/sensor.go:40.133,45.22 4 0
xunjianbao-backend/internal/service/sensor.go:45.22,47.3 1 0
xunjianbao-backend/internal/service/sensor.go:48.2,48.18 1 0
xunjianbao-backend/internal/service/sensor.go:48.18,50.3 1 0
xunjianbao-backend/internal/service/sensor.go:52.2,54.111 2 0
xunjianbao-backend/internal/service/sensor.go:54.111,56.3 1 0
xunjianbao-backend/internal/service/sensor.go:58.2,58.28 1 0
xunjianbao-backend/internal/service/sensor.go:61.77,63.98 2 0
xunjianbao-backend/internal/service/sensor.go:63.98,65.3 1 0
xunjianbao-backend/internal/service/sensor.go:66.2,66.21 1 0
xunjianbao-backend/internal/service/sensor.go:69.97,83.50 2 0
xunjianbao-backend/internal/service/sensor.go:83.50,85.3 1 0
xunjianbao-backend/internal/service/sensor.go:87.2,87.20 1 0
xunjianbao-backend/internal/service/sensor.go:90.101,92.98 2 0
xunjianbao-backend/internal/service/sensor.go:92.98,94.3 1 0
xunjianbao-backend/internal/service/sensor.go:96.2,97.21 2 0
xunjianbao-backend/internal/service/sensor.go:97.21,99.3 1 0
xunjianbao-backend/internal/service/sensor.go:100.2,100.21 1 0
xunjianbao-backend/internal/service/sensor.go:100.21,102.3 1 0
xunjianbao-backend/internal/service/sensor.go:103.2,103.25 1 0
xunjianbao-backend/internal/service/sensor.go:103.25,105.3 1 0
xunjianbao-backend/internal/service/sensor.go:106.2,106.23 1 0
xunjianbao-backend/internal/service/sensor.go:106.23,108.3 1 0
xunjianbao-backend/internal/service/sensor.go:109.2,109.21 1 0
xunjianbao-backend/internal/service/sensor.go:109.21,111.3 1 0
xunjianbao-backend/internal/service/sensor.go:112.2,112.29 1 0
xunjianbao-backend/internal/service/sensor.go:112.29,114.3 1 0
xunjianbao-backend/internal/service/sensor.go:115.2,115.29 1 0
xunjianbao-backend/internal/service/sensor.go:115.29,117.3 1 0
xunjianbao-backend/internal/service/sensor.go:118.2,118.28 1 0
xunjianbao-backend/internal/service/sensor.go:118.28,120.3 1 0
xunjianbao-backend/internal/service/sensor.go:122.2,122.22 1 0
xunjianbao-backend/internal/service/sensor.go:122.22,124.3 1 0
xunjianbao-backend/internal/service/sensor.go:126.2,127.21 2 0
xunjianbao-backend/internal/service/sensor.go:130.59,132.30 2 0
xunjianbao-backend/internal/service/sensor.go:132.30,134.3 1 0
xunjianbao-backend/internal/service/sensor.go:135.2,135.21 1 0
xunjianbao-backend/internal/service/sensor.go:138.116,145.108 5 0
xunjianbao-backend/internal/service/sensor.go:145.108,147.3 1 0
xunjianbao-backend/internal/service/sensor.go:149.2,149.25 1 0
xunjianbao-backend/internal/service/stream.go:14.51,16.2 1 1
xunjianbao-backend/internal/service/stream.go:41.99,48.111 5 1
xunjianbao-backend/internal/service/stream.go:48.111,50.3 1 0
xunjianbao-backend/internal/service/stream.go:52.2,52.28 1 1
xunjianbao-backend/internal/service/stream.go:55.77,57.98 2 1
xunjianbao-backend/internal/service/stream.go:57.98,59.3 1 1
xunjianbao-backend/internal/service/stream.go:60.2,60.21 1 1
xunjianbao-backend/internal/service/stream.go:63.97,65.25 2 1
xunjianbao-backend/internal/service/stream.go:65.25,67.3 1 1
xunjianbao-backend/internal/service/stream.go:69.2,82.50 2 1
xunjianbao-backend/internal/service/stream.go:82.50,84.3 1 0
xunjianbao-backend/internal/service/stream.go:86.2,86.20 1 1
xunjianbao-backend/internal/service/stream.go:89.101,91.98 2 1
xunjianbao-backend/internal/service/stream.go:91.98,93.3 1 0
xunjianbao-backend/internal/service/stream.go:95.2,96.21 2 1
xunjianbao-backend/internal/service/stream.go:96.21,98.3 1 1
xunjianbao-backend/internal/service/stream.go:99.2,99.21 1 1
xunjianbao-backend/internal/service/stream.go:99.21,101.3 1 1
xunjianbao-backend/internal/service/stream.go:102.2,102.20 1 1
xunjianbao-backend/internal/service/stream.go:102.20,104.3 1 0
xunjianbao-backend/internal/service/stream.go:105.2,105.25 1 1
xunjianbao-backend/internal/service/stream.go:105.25,107.3 1 1
xunjianbao-backend/internal/service/stream.go:108.2,108.20 1 1
xunjianbao-backend/internal/service/stream.go:108.20,110.3 1 0
xunjianbao-backend/internal/service/stream.go:111.2,111.20 1 1
xunjianbao-backend/internal/service/stream.go:111.20,113.3 1 0
xunjianbao-backend/internal/service/stream.go:114.2,114.28 1 1
xunjianbao-backend/internal/service/stream.go:114.28,116.3 1 0
xunjianbao-backend/internal/service/stream.go:117.2,117.25 1 1
xunjianbao-backend/internal/service/stream.go:117.25,119.3 1 0
xunjianbao-backend/internal/service/stream.go:120.2,120.23 1 1
xunjianbao-backend/internal/service/stream.go:120.23,122.3 1 1
xunjianbao-backend/internal/service/stream.go:124.2,124.22 1 1
xunjianbao-backend/internal/service/stream.go:124.22,126.3 1 1
xunjianbao-backend/internal/service/stream.go:128.2,129.21 2 1
xunjianbao-backend/internal/service/stream.go:132.59,134.30 2 1
xunjianbao-backend/internal/service/stream.go:134.30,136.3 1 1
xunjianbao-backend/internal/service/stream.go:137.2,137.21 1 1
xunjianbao-backend/internal/service/stream.go:140.85,157.2 9 1
xunjianbao-backend/internal/service/task.go:17.47,19.2 1 1
xunjianbao-backend/internal/service/task.go:45.144,50.20 4 1
xunjianbao-backend/internal/service/task.go:50.20,52.3 1 1
xunjianbao-backend/internal/service/task.go:53.2,53.18 1 1
xunjianbao-backend/internal/service/task.go:53.18,55.3 1 1
xunjianbao-backend/internal/service/task.go:56.2,56.20 1 1
xunjianbao-backend/internal/service/task.go:56.20,58.3 1 1
xunjianbao-backend/internal/service/task.go:60.2,62.109 2 1
xunjianbao-backend/internal/service/task.go:62.109,64.3 1 0
xunjianbao-backend/internal/service/task.go:66.2,66.26 1 1
xunjianbao-backend/internal/service/task.go:69.73,71.96 2 1
xunjianbao-backend/internal/service/task.go:71.96,73.3 1 1
xunjianbao-backend/internal/service/task.go:74.2,74.19 1 1
xunjianbao-backend/internal/service/task.go:77.91,79.20 2 1
xunjianbao-backend/internal/service/task.go:79.20,81.3 1 1
xunjianbao-backend/internal/service/task.go:83.2,84.28 2 1
xunjianbao-backend/internal/service/task.go:84.28,87.3 2 1
xunjianbao-backend/internal/service/task.go:89.2,90.24 2 1
xunjianbao-backend/internal/service/task.go:90.24,91.67 1 1
xunjianbao-backend/internal/service/task.go:91.67,93.4 1 1
xunjianbao-backend/internal/service/task.go:96.2,108.48 2 1
xunjianbao-backend/internal/service/task.go:108.48,110.3 1 0
xunjianbao-backend/internal/service/task.go:112.2,112.18 1 1
xunjianbao-backend/internal/service/task.go:115.95,117.96 2 1
xunjianbao-backend/internal/service/task.go:117.96,119.3 1 1
xunjianbao-backend/internal/service/task.go:121.2,122.22 2 1
xunjianbao-backend/internal/service/task.go:122.22,124.3 1 1
xunjianbao-backend/internal/service/task.go:125.2,125.28 1 1
xunjianbao-backend/internal/service/task.go:125.28,127.3 1 0
xunjianbao-backend/internal/service/task.go:128.2,128.23 1 1
xunjianbao-backend/internal/service/task.go:128.23,130.3 1 1
xunjianbao-backend/internal/service/task.go:131.2,131.27 1 1
xunjianbao-backend/internal/service/task.go:131.27,133.3 1 0
xunjianbao-backend/internal/service/task.go:134.2,134.26 1 1
xunjianbao-backend/internal/service/task.go:134.26,137.3 2 0
xunjianbao-backend/internal/service/task.go:138.2,138.24 1 1
xunjianbao-backend/internal/service/task.go:138.24,139.67 1 0
xunjianbao-backend/internal/service/task.go:139.67,141.4 1 0
xunjianbao-backend/internal/service/task.go:143.2,143.25 1 1
xunjianbao-backend/internal/service/task.go:143.25,145.3 1 1
xunjianbao-backend/internal/service/task.go:147.2,147.22 1 1
xunjianbao-backend/internal/service/task.go:147.22,149.3 1 1
xunjianbao-backend/internal/service/task.go:151.2,152.19 2 1
xunjianbao-backend/internal/service/task.go:155.57,157.30 2 1
xunjianbao-backend/internal/service/task.go:157.30,159.3 1 1
xunjianbao-backend/internal/service/task.go:160.2,160.21 1 1
xunjianbao-backend/internal/service/task.go:163.95,165.96 2 1
xunjianbao-backend/internal/service/task.go:165.96,167.3 1 1
xunjianbao-backend/internal/service/task.go:169.2,175.19 3 1
xunjianbao-backend/internal/service/task.go:178.74,180.96 2 1
xunjianbao-backend/internal/service/task.go:180.96,182.3 1 1
xunjianbao-backend/internal/service/task.go:184.2,189.19 3 1
xunjianbao-backend/internal/service/tenant_config.go:15.63,17.2 1 0
xunjianbao-backend/internal/service/tenant_config.go:38.81,40.83 2 0
xunjianbao-backend/internal/service/tenant_config.go:40.83,46.3 2 0
xunjianbao-backend/internal/service/tenant_config.go:47.2,47.21 1 0
xunjianbao-backend/internal/service/tenant_config.go:50.109,52.83 2 0
xunjianbao-backend/internal/service/tenant_config.go:52.83,54.3 1 0
xunjianbao-backend/internal/service/tenant_config.go:56.2,57.27 2 0
xunjianbao-backend/internal/service/tenant_config.go:57.27,59.3 1 0
xunjianbao-backend/internal/service/tenant_config.go:60.2,60.21 1 0
xunjianbao-backend/internal/service/tenant_config.go:60.21,62.3 1 0
xunjianbao-backend/internal/service/tenant_config.go:63.2,63.26 1 0
xunjianbao-backend/internal/service/tenant_config.go:63.26,65.3 1 0
xunjianbao-backend/internal/service/tenant_config.go:66.2,66.24 1 0
xunjianbao-backend/internal/service/tenant_config.go:66.24,68.3 1 0
xunjianbao-backend/internal/service/tenant_config.go:69.2,69.37 1 0
xunjianbao-backend/internal/service/tenant_config.go:69.37,71.3 1 0
xunjianbao-backend/internal/service/tenant_config.go:72.2,72.27 1 0
xunjianbao-backend/internal/service/tenant_config.go:72.27,74.3 1 0
xunjianbao-backend/internal/service/tenant_config.go:75.2,75.25 1 0
xunjianbao-backend/internal/service/tenant_config.go:75.25,77.3 1 0
xunjianbao-backend/internal/service/tenant_config.go:78.2,78.26 1 0
xunjianbao-backend/internal/service/tenant_config.go:78.26,80.3 1 0
xunjianbao-backend/internal/service/tenant_config.go:82.2,82.22 1 0
xunjianbao-backend/internal/service/tenant_config.go:82.22,84.3 1 0
xunjianbao-backend/internal/service/tenant_config.go:86.2,87.21 2 0
xunjianbao-backend/internal/service/tenant_config.go:90.91,92.83 2 0
xunjianbao-backend/internal/service/tenant_config.go:92.83,94.3 1 0
xunjianbao-backend/internal/service/tenant_config.go:96.2,100.8 1 0
xunjianbao-backend/internal/service/tenant_config.go:103.91,114.2 5 0
xunjianbao-backend/internal/service/tenant_config.go:116.107,124.2 1 0
xunjianbao-backend/internal/service/tenant_config.go:126.89,128.2 1 0
xunjianbao-backend/internal/service/tenant_config.go:130.119,132.83 2 0
xunjianbao-backend/internal/service/tenant_config.go:132.83,134.3 1 0
xunjianbao-backend/internal/service/tenant_config.go:136.2,137.37 2 0
xunjianbao-backend/internal/service/tenant_config.go:137.37,139.3 1 0
xunjianbao-backend/internal/service/tenant_config.go:140.2,140.35 1 0
xunjianbao-backend/internal/service/tenant_config.go:140.35,142.3 1 0
xunjianbao-backend/internal/service/tenant_config.go:143.2,143.35 1 0
xunjianbao-backend/internal/service/tenant_config.go:143.35,145.3 1 0
xunjianbao-backend/internal/service/tenant_config.go:146.2,146.31 1 0
xunjianbao-backend/internal/service/tenant_config.go:146.31,148.3 1 0
xunjianbao-backend/internal/service/tenant_config.go:149.2,149.33 1 0
xunjianbao-backend/internal/service/tenant_config.go:149.33,151.3 1 0
xunjianbao-backend/internal/service/tenant_config.go:153.2,153.22 1 0
xunjianbao-backend/internal/service/tenant_config.go:153.22,155.3 1 0
xunjianbao-backend/internal/service/tenant_config.go:157.2,158.21 2 0
xunjianbao-backend/internal/service/websocket.go:39.38,46.2 1 1
xunjianbao-backend/internal/service/websocket.go:49.30,50.6 1 0
xunjianbao-backend/internal/service/websocket.go:50.6,51.10 1 0
xunjianbao-backend/internal/service/websocket.go:52.31,57.63 4 0
xunjianbao-backend/internal/service/websocket.go:59.33,61.38 2 0
xunjianbao-backend/internal/service/websocket.go:61.38,64.5 2 0
xunjianbao-backend/internal/service/websocket.go:65.4,66.84 2 0
xunjianbao-backend/internal/service/websocket.go:68.33,70.34 2 0
xunjianbao-backend/internal/service/websocket.go:70.34,71.12 1 0
xunjianbao-backend/internal/service/websocket.go:72.33,72.33 0 0
xunjianbao-backend/internal/service/websocket.go:73.13,80.18 6 0
xunjianbao-backend/internal/service/websocket.go:83.4,83.18 1 0
xunjianbao-backend/internal/service/websocket.go:89.58,91.2 1 0
xunjianbao-backend/internal/service/websocket.go:94.60,96.2 1 0
xunjianbao-backend/internal/service/websocket.go:99.76,106.16 3 0
xunjianbao-backend/internal/service/websocket.go:106.16,109.3 2 0
xunjianbao-backend/internal/service/websocket.go:110.2,110.21 1 0
xunjianbao-backend/internal/service/websocket.go:114.96,121.16 3 1
xunjianbao-backend/internal/service/websocket.go:121.16,124.3 2 0
xunjianbao-backend/internal/service/websocket.go:126.2,128.32 3 1
xunjianbao-backend/internal/service/websocket.go:128.32,129.34 1 0
xunjianbao-backend/internal/service/websocket.go:129.34,130.11 1 0
xunjianbao-backend/internal/service/websocket.go:131.29,131.29 0 0
xunjianbao-backend/internal/service/websocket.go:132.12,132.12 0 0
xunjianbao-backend/internal/service/websocket.go:140.45,144.2 3 0
xunjianbao-backend/internal/service/websocket.go:147.39,148.15 1 0
xunjianbao-backend/internal/service/websocket.go:148.15,150.3 1 0
xunjianbao-backend/internal/service/websocket.go:152.2,152.6 1 0
xunjianbao-backend/internal/service/websocket.go:152.6,154.10 2 0
xunjianbao-backend/internal/service/websocket.go:154.10,158.4 2 0
xunjianbao-backend/internal/service/websocket.go:160.3,160.77 1 0
xunjianbao-backend/internal/service/websocket.go:160.77,162.4 1 0
xunjianbao-backend/internal/service/websocket.go:167.38,168.15 1 0
xunjianbao-backend/internal/service/websocket.go:168.15,171.3 2 0
xunjianbao-backend/internal/service/websocket.go:173.2,175.43 3 0
xunjianbao-backend/internal/service/websocket.go:175.43,178.3 2 0
xunjianbao-backend/internal/service/websocket.go:180.2,180.6 1 0
xunjianbao-backend/internal/service/websocket.go:180.6,182.17 2 0
xunjianbao-backend/internal/service/websocket.go:182.17,183.103 1 0
xunjianbao-backend/internal/service/websocket.go:183.103,185.5 1 0
xunjianbao-backend/internal/service/websocket.go:186.4,186.10 1 0
xunjianbao-backend/internal/service/websocket.go:190.3,191.55 2 0
xunjianbao-backend/internal/service/websocket.go:191.55,192.12 1 0
xunjianbao-backend/internal/service/websocket.go:196.3,196.25 1 0
xunjianbao-backend/internal/service/websocket.go:196.25,204.4 3 0
xunjianbao-backend/internal/service/yolo_ws.go:57.71,65.2 1 0
xunjianbao-backend/internal/service/yolo_ws.go:68.100,69.32 1 0
xunjianbao-backend/internal/service/yolo_ws.go:69.32,71.3 1 0
xunjianbao-backend/internal/service/yolo_ws.go:74.2,80.16 3 0
xunjianbao-backend/internal/service/yolo_ws.go:80.16,82.3 1 0
xunjianbao-backend/internal/service/yolo_ws.go:85.2,89.12 3 0
xunjianbao-backend/internal/service/yolo_ws.go:93.88,94.32 1 0
xunjianbao-backend/internal/service/yolo_ws.go:94.32,96.3 1 0
xunjianbao-backend/internal/service/yolo_ws.go:98.2,102.12 3 0
xunjianbao-backend/internal/service/yolo_ws.go:106.108,107.59 1 0
xunjianbao-backend/internal/service/yolo_ws.go:107.59,109.3 1 0
xunjianbao-backend/internal/service/yolo_ws.go:112.2,113.22 2 0
xunjianbao-backend/internal/service/yolo_ws.go:113.22,123.3 2 0
xunjianbao-backend/internal/service/yolo_ws.go:125.2,125.12 1 0
xunjianbao-backend/internal/service/yolo_ws.go:129.86,137.31 3 0
xunjianbao-backend/internal/service/yolo_ws.go:137.31,138.60 1 0
xunjianbao-backend/internal/service/yolo_ws.go:138.60,140.4 1 0
xunjianbao-backend/internal/service/yolo_ws.go:143.2,143.17 1 0
xunjianbao-backend/internal/service/yolo_ws.go:144.9,145.14 1 0
xunjianbao-backend/internal/service/yolo_ws.go:146.9,147.14 1 0
xunjianbao-backend/internal/service/yolo_ws.go:148.9,149.14 1 0
xunjianbao-backend/internal/service/yolo_ws.go:150.10,151.12 1 0
xunjianbao-backend/internal/service/yolo_ws.go:155.83,157.31 2 0
xunjianbao-backend/internal/service/yolo_ws.go:157.31,159.3 1 0
xunjianbao-backend/internal/service/yolo_ws.go:161.2,161.9 1 0
xunjianbao-backend/internal/service/yolo_ws.go:162.31,163.29 1 0
xunjianbao-backend/internal/service/yolo_ws.go:164.32,165.31 1 0
xunjianbao-backend/internal/service/yolo_ws.go:166.36,167.29 1 0
xunjianbao-backend/internal/service/yolo_ws.go:168.10,169.31 1 0
xunjianbao-backend/internal/service/yolo_ws.go:173.85,175.31 2 0
xunjianbao-backend/internal/service/yolo_ws.go:175.31,177.3 1 0
xunjianbao-backend/internal/service/yolo_ws.go:179.2,179.9 1 0
xunjianbao-backend/internal/service/yolo_ws.go:180.31,181.45 1 0
xunjianbao-backend/internal/service/yolo_ws.go:182.32,183.48 1 0
xunjianbao-backend/internal/service/yolo_ws.go:184.36,185.42 1 0
xunjianbao-backend/internal/service/yolo_ws.go:186.10,187.35 1 0
xunjianbao-backend/internal/service/yolo_ws.go:192.63,193.20 1 0
xunjianbao-backend/internal/service/yolo_ws.go:193.20,195.3 1 0
xunjianbao-backend/internal/service/yolo_ws.go:197.2,198.27 2 0
xunjianbao-backend/internal/service/yolo_ws.go:198.27,201.3 2 0
xunjianbao-backend/internal/service/yolo_ws.go:202.2,205.12 3 0
xunjianbao-backend/internal/service/yolo_ws.go:205.12,224.7 5 0
xunjianbao-backend/internal/service/yolo_ws.go:224.7,225.11 1 0
xunjianbao-backend/internal/service/yolo_ws.go:226.20,229.37 2 0
xunjianbao-backend/internal/service/yolo_ws.go:229.37,234.56 3 0
xunjianbao-backend/internal/service/yolo_ws.go:234.56,237.42 3 0
xunjianbao-backend/internal/service/yolo_ws.go:237.42,239.8 1 0
xunjianbao-backend/internal/service/yolo_ws.go:240.7,243.42 4 0
xunjianbao-backend/internal/service/yolo_ws.go:243.42,245.28 2 0
xunjianbao-backend/internal/service/yolo_ws.go:245.28,247.14 2 0
xunjianbao-backend/internal/service/yolo_ws.go:251.7,260.9 1 0
xunjianbao-backend/internal/service/yolo_ws.go:263.6,270.48 2 0
xunjianbao-backend/internal/service/yolo_ws.go:272.26,273.11 1 0
xunjianbao-backend/internal/service/yolo_ws.go:278.2,278.67 1 0
xunjianbao-backend/internal/service/yolo_ws.go:282.47,286.27 3 0
xunjianbao-backend/internal/service/yolo_ws.go:286.27,289.3 2 0
xunjianbao-backend/internal/service/yolo_ws.go:293.57,297.2 3 0
xunjianbao-backend/internal/service/yolo_ws.go:300.72,304.2 3 0
xunjianbao-backend/internal/service/yolo_ws.go:306.28,308.2 1 0
xunjianbao-backend/internal/service/yolo_ws.go:310.37,314.25 4 0
xunjianbao-backend/internal/service/yolo_ws.go:314.25,316.3 1 0
xunjianbao-backend/internal/service/yolo_ws.go:317.2,317.18 1 0
xunjianbao-backend/pkg/response/errors.go:78.34,80.2 1 1
xunjianbao-backend/pkg/response/errors.go:83.83,92.2 1 1
xunjianbao-backend/pkg/response/errors.go:95.54,98.2 2 1
xunjianbao-backend/pkg/response/errors.go:101.52,104.2 2 1
xunjianbao-backend/pkg/response/errors.go:107.56,110.2 2 0
xunjianbao-backend/pkg/response/errors.go:121.51,128.2 1 1
xunjianbao-backend/pkg/response/errors.go:131.52,133.2 1 1
xunjianbao-backend/pkg/response/errors.go:136.52,143.2 1 1
xunjianbao-backend/pkg/response/errors.go:146.54,152.2 1 1
xunjianbao-backend/pkg/response/errors.go:155.61,161.2 1 1
xunjianbao-backend/pkg/response/errors.go:164.56,170.2 1 1
xunjianbao-backend/pkg/response/errors.go:173.64,179.2 1 0
xunjianbao-backend/pkg/response/errors.go:182.53,188.2 1 1
xunjianbao-backend/pkg/response/errors.go:191.53,197.2 1 1
xunjianbao-backend/pkg/response/errors.go:200.52,206.2 1 0
xunjianbao-backend/pkg/response/errors.go:209.59,215.2 1 1
xunjianbao-backend/pkg/response/errors.go:218.43,224.2 1 0
xunjianbao-backend/pkg/response/errors.go:227.58,233.2 1 1
xunjianbao-backend/pkg/response/errors.go:236.62,242.2 1 0
xunjianbao-backend/pkg/response/errors.go:245.68,251.2 1 0
xunjianbao-backend/pkg/response/errors.go:254.75,260.2 1 0
xunjianbao-backend/pkg/response/errors.go:263.68,269.2 1 1
xunjianbao-backend/pkg/response/errors.go:272.83,278.2 1 1
xunjianbao-backend/pkg/response/errors.go:281.75,288.2 1 0
xunjianbao-backend/pkg/response/response.go:15.48,21.2 1 0
xunjianbao-backend/pkg/response/response.go:23.48,29.2 1 0
xunjianbao-backend/pkg/response/response.go:31.49,36.2 1 0
xunjianbao-backend/pkg/response/response.go:38.51,43.2 1 0
xunjianbao-backend/pkg/response/response.go:45.48,50.2 1 0
xunjianbao-backend/pkg/response/response.go:52.47,57.2 1 0
xunjianbao-backend/pkg/response/response.go:59.52,64.2 1 0
xunjianbao-backend/internal/handler/ai.go:14.52,16.2 1 0
xunjianbao-backend/internal/handler/ai.go:18.42,22.47 2 0
xunjianbao-backend/internal/handler/ai.go:22.47,25.3 2 0
xunjianbao-backend/internal/handler/ai.go:27.2,28.16 2 0
xunjianbao-backend/internal/handler/ai.go:28.16,31.3 2 0
xunjianbao-backend/internal/handler/ai.go:33.2,35.4 1 0
xunjianbao-backend/internal/handler/ai.go:38.45,42.47 2 0
xunjianbao-backend/internal/handler/ai.go:42.47,45.3 2 0
xunjianbao-backend/internal/handler/ai.go:47.2,48.16 2 0
xunjianbao-backend/internal/handler/ai.go:48.16,51.3 2 0
xunjianbao-backend/internal/handler/ai.go:53.2,55.4 1 0
xunjianbao-backend/internal/handler/ai.go:58.45,62.47 2 0
xunjianbao-backend/internal/handler/ai.go:62.47,65.3 2 0
xunjianbao-backend/internal/handler/ai.go:67.2,68.16 2 0
xunjianbao-backend/internal/handler/ai.go:68.16,71.3 2 0
xunjianbao-backend/internal/handler/ai.go:73.2,75.4 1 0
xunjianbao-backend/internal/handler/ai.go:78.47,80.16 2 0
xunjianbao-backend/internal/handler/ai.go:80.16,83.3 2 0
xunjianbao-backend/internal/handler/ai.go:85.2,87.4 1 0
xunjianbao-backend/internal/handler/ai.go:90.48,93.16 3 0
xunjianbao-backend/internal/handler/ai.go:93.16,96.3 2 0
xunjianbao-backend/internal/handler/ai.go:98.2,100.4 1 0
xunjianbao-backend/internal/handler/ai.go:103.44,105.20 2 0
xunjianbao-backend/internal/handler/ai.go:105.20,108.3 2 0
xunjianbao-backend/internal/handler/ai.go:110.2,111.16 2 0
xunjianbao-backend/internal/handler/ai.go:111.16,114.3 2 0
xunjianbao-backend/internal/handler/ai.go:116.2,116.29 1 0
xunjianbao-backend/internal/handler/ai.go:119.52,123.47 2 0
xunjianbao-backend/internal/handler/ai.go:123.47,126.3 2 0
xunjianbao-backend/internal/handler/ai.go:128.2,129.16 2 0
xunjianbao-backend/internal/handler/ai.go:129.16,132.3 2 0
xunjianbao-backend/internal/handler/ai.go:134.2,136.4 1 0
xunjianbao-backend/internal/handler/alert.go:15.61,17.2 1 0
xunjianbao-backend/internal/handler/alert.go:19.45,30.16 4 0
xunjianbao-backend/internal/handler/alert.go:30.16,33.3 2 0
xunjianbao-backend/internal/handler/alert.go:35.2,35.40 1 0
xunjianbao-backend/internal/handler/alert.go:38.48,43.16 4 0
xunjianbao-backend/internal/handler/alert.go:43.16,46.3 2 0
xunjianbao-backend/internal/handler/alert.go:48.2,48.28 1 0
xunjianbao-backend/internal/handler/alert.go:51.47,55.47 3 0
xunjianbao-backend/internal/handler/alert.go:55.47,58.3 2 0
xunjianbao-backend/internal/handler/alert.go:60.2,61.16 2 0
xunjianbao-backend/internal/handler/alert.go:61.16,64.3 2 0
xunjianbao-backend/internal/handler/alert.go:66.2,66.28 1 0
xunjianbao-backend/internal/handler/alert.go:69.47,74.47 4 0
xunjianbao-backend/internal/handler/alert.go:74.47,77.3 2 0
xunjianbao-backend/internal/handler/alert.go:79.2,80.16 2 0
xunjianbao-backend/internal/handler/alert.go:80.16,81.33 1 0
xunjianbao-backend/internal/handler/alert.go:81.33,84.4 2 0
xunjianbao-backend/internal/handler/alert.go:85.3,86.9 2 0
xunjianbao-backend/internal/handler/alert.go:89.2,89.28 1 0
xunjianbao-backend/internal/handler/alert.go:92.51,96.16 3 0
xunjianbao-backend/internal/handler/alert.go:96.16,99.3 2 0
xunjianbao-backend/internal/handler/alert.go:101.2,101.28 1 0
xunjianbao-backend/internal/handler/alert.go:104.47,108.60 3 0
xunjianbao-backend/internal/handler/alert.go:108.60,109.33 1 0
xunjianbao-backend/internal/handler/alert.go:109.33,112.4 2 0
xunjianbao-backend/internal/handler/alert.go:113.3,114.9 2 0
xunjianbao-backend/internal/handler/alert.go:117.2,117.50 1 0
xunjianbao-backend/internal/handler/auth.go:17.68,19.2 1 1
xunjianbao-backend/internal/handler/auth.go:32.45,34.47 2 1
xunjianbao-backend/internal/handler/auth.go:34.47,37.3 2 1
xunjianbao-backend/internal/handler/auth.go:39.2,40.16 2 1
xunjianbao-backend/internal/handler/auth.go:40.16,41.52 1 1
xunjianbao-backend/internal/handler/auth.go:41.52,44.4 2 1
xunjianbao-backend/internal/handler/auth.go:45.3,45.49 1 0
xunjianbao-backend/internal/handler/auth.go:45.49,48.4 2 0
xunjianbao-backend/internal/handler/auth.go:49.3,50.9 2 0
xunjianbao-backend/internal/handler/auth.go:53.2,53.29 1 1
xunjianbao-backend/internal/handler/auth.go:56.48,58.47 2 1
xunjianbao-backend/internal/handler/auth.go:58.47,61.3 2 1
xunjianbao-backend/internal/handler/auth.go:63.2,64.16 2 1
xunjianbao-backend/internal/handler/auth.go:64.16,65.44 1 0
xunjianbao-backend/internal/handler/auth.go:65.44,68.4 2 0
xunjianbao-backend/internal/handler/auth.go:69.3,70.9 2 0
xunjianbao-backend/internal/handler/auth.go:73.2,77.4 1 1
xunjianbao-backend/internal/handler/auth.go:80.51,84.16 3 0
xunjianbao-backend/internal/handler/auth.go:84.16,87.3 2 0
xunjianbao-backend/internal/handler/auth.go:89.2,89.27 1 0
xunjianbao-backend/internal/handler/dashboard.go:16.73,18.2 1 0
xunjianbao-backend/internal/handler/dashboard.go:20.53,24.16 3 0
xunjianbao-backend/internal/handler/dashboard.go:24.16,27.3 2 0
xunjianbao-backend/internal/handler/dashboard.go:29.2,29.28 1 0
xunjianbao-backend/internal/handler/dashboard.go:32.59,37.16 4 0
xunjianbao-backend/internal/handler/dashboard.go:37.16,40.3 2 0
xunjianbao-backend/internal/handler/dashboard.go:42.2,42.29 1 0
xunjianbao-backend/internal/handler/dashboard.go:45.60,49.16 3 0
xunjianbao-backend/internal/handler/dashboard.go:49.16,52.3 2 0
xunjianbao-backend/internal/handler/dashboard.go:54.2,54.29 1 0
xunjianbao-backend/internal/handler/dashboard.go:57.57,61.16 3 0
xunjianbao-backend/internal/handler/dashboard.go:61.16,64.3 2 0
xunjianbao-backend/internal/handler/dashboard.go:66.2,66.32 1 0
xunjianbao-backend/internal/handler/dashboard.go:69.59,71.2 1 0
xunjianbao-backend/internal/handler/dashboard.go:73.64,77.16 3 0
xunjianbao-backend/internal/handler/dashboard.go:77.16,80.3 2 0
xunjianbao-backend/internal/handler/dashboard.go:82.2,82.33 1 0
xunjianbao-backend/internal/handler/defect_case.go:19.76,21.2 1 0
xunjianbao-backend/internal/handler/defect_case.go:25.50,42.16 5 0
xunjianbao-backend/internal/handler/defect_case.go:42.16,45.3 2 0
xunjianbao-backend/internal/handler/defect_case.go:47.2,47.39 1 0
xunjianbao-backend/internal/handler/defect_case.go:52.53,55.16 3 0
xunjianbao-backend/internal/handler/defect_case.go:55.16,58.3 2 0
xunjianbao-backend/internal/handler/defect_case.go:60.2,61.16 2 0
[...]
xunjianbao-backend/internal/handler/media.go:374.2,374.62 1 0
xunjianbao-backend/internal/handler/media.go:378.50,385.47 3 0
xunjianbao-backend/internal/handler/media.go:385.47,388.3 2 0
xunjianbao-backend/internal/handler/media.go:390.2,390.82 1 0
xunjianbao-backend/internal/handler/media.go:390.82,393.3 2 0
xunjianbao-backend/internal/handler/media.go:395.2,395.48 1 0
xunjianbao-backend/internal/handler/media.go:399.52,405.47 3 0
xunjianbao-backend/internal/handler/media.go:405.47,408.3 2 0
xunjianbao-backend/internal/handler/media.go:410.2,410.70 1 0
xunjianbao-backend/internal/handler/media.go:410.70,413.3 2 0
xunjianbao-backend/internal/handler/media.go:415.2,415.50 1 0
xunjianbao-backend/internal/handler/media.go:419.53,426.47 3 0
xunjianbao-backend/internal/handler/media.go:426.47,429.3 2 0
xunjianbao-backend/internal/handler/media.go:431.2,432.16 2 0
xunjianbao-backend/internal/handler/media.go:432.16,435.3 2 0
xunjianbao-backend/internal/handler/media.go:437.2,437.29 1 0
xunjianbao-backend/internal/handler/media.go:441.55,448.47 3 0
xunjianbao-backend/internal/handler/media.go:448.47,451.3 2 0
xunjianbao-backend/internal/handler/media.go:453.2,454.16 2 0
xunjianbao-backend/internal/handler/media.go:454.16,457.3 2 0
xunjianbao-backend/internal/handler/media.go:459.2,459.29 1 0
xunjianbao-backend/internal/handler/metrics.go:9.39,11.30 2 0
xunjianbao-backend/internal/handler/metrics.go:11.30,13.3 1 0
xunjianbao-backend/internal/handler/oncall.go:16.64,18.2 1 0
xunjianbao-backend/internal/handler/oncall.go:20.60,24.16 3 0
xunjianbao-backend/internal/handler/oncall.go:24.16,27.3 2 0
xunjianbao-backend/internal/handler/oncall.go:29.2,29.31 1 0
xunjianbao-backend/internal/handler/oncall.go:32.54,41.16 3 0
xunjianbao-backend/internal/handler/oncall.go:41.16,44.3 2 0
xunjianbao-backend/internal/handler/oncall.go:46.2,46.32 1 0
xunjianbao-backend/internal/handler/oncall.go:49.56,53.47 3 0
xunjianbao-backend/internal/handler/oncall.go:53.47,56.3 2 0
xunjianbao-backend/internal/handler/oncall.go:58.2,59.16 2 0
xunjianbao-backend/internal/handler/oncall.go:59.16,62.3 2 0
xunjianbao-backend/internal/handler/oncall.go:64.2,64.31 1 0
xunjianbao-backend/internal/handler/oncall.go:67.61,71.16 3 0
xunjianbao-backend/internal/handler/oncall.go:71.16,74.3 2 0
xunjianbao-backend/internal/handler/oncall.go:76.2,76.29 1 0
xunjianbao-backend/internal/handler/oncall.go:79.58,83.76 3 0
xunjianbao-backend/internal/handler/oncall.go:83.76,86.3 2 0
xunjianbao-backend/internal/handler/oncall.go:88.2,88.61 1 0
xunjianbao-backend/internal/handler/oncall.go:91.52,95.16 3 0
xunjianbao-backend/internal/handler/oncall.go:95.16,98.3 2 0
xunjianbao-backend/internal/handler/oncall.go:100.2,100.30 1 0
xunjianbao-backend/internal/handler/oncall.go:103.54,108.47 4 0
xunjianbao-backend/internal/handler/oncall.go:108.47,111.3 2 0
xunjianbao-backend/internal/handler/oncall.go:113.2,114.16 2 0
xunjianbao-backend/internal/handler/oncall.go:114.16,115.33 1 0
xunjianbao-backend/internal/handler/oncall.go:115.33,118.4 2 0
xunjianbao-backend/internal/handler/oncall.go:119.3,120.9 2 0
xunjianbao-backend/internal/handler/oncall.go:123.2,123.29 1 0
xunjianbao-backend/internal/handler/oncall.go:126.53,130.16 3 0
xunjianbao-backend/internal/handler/oncall.go:130.16,133.3 2 0
xunjianbao-backend/internal/handler/oncall.go:135.2,135.31 1 0
xunjianbao-backend/internal/handler/oncall.go:138.57,142.47 2 0
xunjianbao-backend/internal/handler/oncall.go:142.47,145.3 2 0
xunjianbao-backend/internal/handler/oncall.go:147.2,150.4 1 0
xunjianbao-backend/internal/handler/openclaw.go:18.72,20.2 1 0
xunjianbao-backend/internal/handler/openclaw.go:22.62,23.38 1 0
xunjianbao-backend/internal/handler/openclaw.go:23.38,25.3 1 0
xunjianbao-backend/internal/handler/openclaw.go:26.2,26.11 1 0
xunjianbao-backend/internal/handler/openclaw.go:29.60,30.36 1 0
xunjianbao-backend/internal/handler/openclaw.go:30.36,32.3 1 0
xunjianbao-backend/internal/handler/openclaw.go:33.2,33.11 1 0
xunjianbao-backend/internal/handler/openclaw.go:36.62,37.39 1 0
xunjianbao-backend/internal/handler/openclaw.go:37.39,39.3 1 0
xunjianbao-backend/internal/handler/openclaw.go:40.2,40.11 1 0
xunjianbao-backend/internal/handler/openclaw.go:48.56,53.14 4 0
xunjianbao-backend/internal/handler/openclaw.go:53.14,55.3 1 0
xunjianbao-backend/internal/handler/openclaw.go:56.2,56.36 1 0
xunjianbao-backend/internal/handler/openclaw.go:56.36,58.3 1 0
xunjianbao-backend/internal/handler/openclaw.go:60.2,61.16 2 0
xunjianbao-backend/internal/handler/openclaw.go:61.16,64.3 2 0
xunjianbao-backend/internal/handler/openclaw.go:66.2,73.4 1 0
xunjianbao-backend/internal/handler/openclaw.go:77.64,81.16 3 0
xunjianbao-backend/internal/handler/openclaw.go:81.16,84.3 2 0
xunjianbao-backend/internal/handler/openclaw.go:86.2,86.28 1 0
xunjianbao-backend/internal/handler/openclaw.go:90.54,93.16 3 0
xunjianbao-backend/internal/handler/openclaw.go:93.16,96.3 2 0
xunjianbao-backend/internal/handler/openclaw.go:98.2,99.16 2 0
xunjianbao-backend/internal/handler/openclaw.go:99.16,102.3 2 0
xunjianbao-backend/internal/handler/openclaw.go:104.2,104.30 1 0
xunjianbao-backend/internal/handler/openclaw.go:108.57,114.47 5 0
xunjianbao-backend/internal/handler/openclaw.go:114.47,117.3 2 0
xunjianbao-backend/internal/handler/openclaw.go:119.2,120.16 2 0
xunjianbao-backend/internal/handler/openclaw.go:120.16,123.3 2 0
xunjianbao-backend/internal/handler/openclaw.go:125.2,129.4 1 0
xunjianbao-backend/internal/handler/openclaw.go:133.57,136.16 3 0
xunjianbao-backend/internal/handler/openclaw.go:136.16,139.3 2 0
xunjianbao-backend/internal/handler/openclaw.go:141.2,142.47 2 0
xunjianbao-backend/internal/handler/openclaw.go:142.47,145.3 2 0
xunjianbao-backend/internal/handler/openclaw.go:147.2,148.16 2 0
xunjianbao-backend/internal/handler/openclaw.go:148.16,151.3 2 0
xunjianbao-backend/internal/handler/openclaw.go:153.2,153.30 1 0
xunjianbao-backend/internal/handler/openclaw.go:157.57,160.16 3 0
xunjianbao-backend/internal/handler/openclaw.go:160.16,163.3 2 0
xunjianbao-backend/internal/handler/openclaw.go:165.2,165.79 1 0
xunjianbao-backend/internal/handler/openclaw.go:165.79,168.3 2 0
xunjianbao-backend/internal/handler/openclaw.go:170.2,170.26 1 0
xunjianbao-backend/internal/handler/openclaw.go:178.57,182.16 3 0
xunjianbao-backend/internal/handler/openclaw.go:182.16,185.3 2 0
xunjianbao-backend/internal/handler/openclaw.go:187.2,187.32 1 0
xunjianbao-backend/internal/handler/openclaw.go:191.55,194.16 3 0
xunjianbao-backend/internal/handler/openclaw.go:194.16,197.3 2 0
xunjianbao-backend/internal/handler/openclaw.go:199.2,200.16 2 0
xunjianbao-backend/internal/handler/openclaw.go:200.16,203.3 2 0
xunjianbao-backend/internal/handler/openclaw.go:205.2,205.27 1 0
xunjianbao-backend/internal/handler/openclaw.go:209.58,213.47 3 0
xunjianbao-backend/internal/handler/openclaw.go:213.47,216.3 2 0
xunjianbao-backend/internal/handler/openclaw.go:218.2,219.16 2 0
xunjianbao-backend/internal/handler/openclaw.go:219.16,222.3 2 0
xunjianbao-backend/internal/handler/openclaw.go:224.2,228.4 1 0
xunjianbao-backend/internal/handler/openclaw.go:232.58,235.16 3 0
xunjianbao-backend/internal/handler/openclaw.go:235.16,238.3 2 0
xunjianbao-backend/internal/handler/openclaw.go:240.2,241.47 2 0
xunjianbao-backend/internal/handler/openclaw.go:241.47,244.3 2 0
xunjianbao-backend/internal/handler/openclaw.go:246.2,247.16 2 0
xunjianbao-backend/internal/handler/openclaw.go:247.16,250.3 2 0
xunjianbao-backend/internal/handler/openclaw.go:252.2,252.27 1 0
xunjianbao-backend/internal/handler/openclaw.go:256.58,259.16 3 0
xunjianbao-backend/internal/handler/openclaw.go:259.16,262.3 2 0
xunjianbao-backend/internal/handler/openclaw.go:264.2,264.80 1 0
xunjianbao-backend/internal/handler/openclaw.go:264.80,267.3 2 0
xunjianbao-backend/internal/handler/openclaw.go:269.2,269.26 1 0
xunjianbao-backend/internal/handler/qa.go:14.52,16.2 1 0
xunjianbao-backend/internal/handler/qa.go:18.41,23.47 3 0
xunjianbao-backend/internal/handler/qa.go:23.47,26.3 2 0
xunjianbao-backend/internal/handler/qa.go:28.2,29.16 2 0
xunjianbao-backend/internal/handler/qa.go:29.16,32.3 2 0
xunjianbao-backend/internal/handler/qa.go:34.2,34.29 1 0
xunjianbao-backend/internal/handler/qa.go:37.54,41.16 3 0
xunjianbao-backend/internal/handler/qa.go:41.16,44.3 2 0
xunjianbao-backend/internal/handler/qa.go:46.2,46.36 1 0
xunjianbao-backend/internal/handler/qa.go:49.57,54.16 4 0
xunjianbao-backend/internal/handler/qa.go:54.16,57.3 2 0
xunjianbao-backend/internal/handler/qa.go:59.2,59.27 1 0
xunjianbao-backend/internal/handler/qa.go:62.53,69.47 4 0
xunjianbao-backend/internal/handler/qa.go:69.47,72.3 2 0
xunjianbao-backend/internal/handler/qa.go:74.2,74.80 1 0
xunjianbao-backend/internal/handler/qa.go:74.80,77.3 2 0
xunjianbao-backend/internal/handler/qa.go:79.2,79.60 1 0
xunjianbao-backend/internal/handler/qa.go:82.55,86.16 3 0
xunjianbao-backend/internal/handler/qa.go:86.16,89.3 2 0
xunjianbao-backend/internal/handler/qa.go:91.2,91.28 1 0
xunjianbao-backend/internal/handler/qa.go:94.57,98.47 3 0
xunjianbao-backend/internal/handler/qa.go:98.47,101.3 2 0
xunjianbao-backend/internal/handler/qa.go:103.2,104.16 2 0
xunjianbao-backend/internal/handler/qa.go:104.16,107.3 2 0
xunjianbao-backend/internal/handler/qa.go:109.2,109.27 1 0
xunjianbao-backend/internal/handler/qa.go:112.52,117.47 4 0
xunjianbao-backend/internal/handler/qa.go:117.47,120.3 2 0
xunjianbao-backend/internal/handler/qa.go:122.2,123.16 2 0
xunjianbao-backend/internal/handler/qa.go:123.16,126.3 2 0
xunjianbao-backend/internal/handler/qa.go:128.2,128.26 1 0
xunjianbao-backend/internal/handler/qa.go:131.57,135.70 3 0
xunjianbao-backend/internal/handler/qa.go:135.70,138.3 2 0
xunjianbao-backend/internal/handler/qa.go:140.2,140.50 1 0
xunjianbao-backend/internal/handler/qa.go:143.53,149.16 5 0
xunjianbao-backend/internal/handler/qa.go:149.16,152.3 2 0
xunjianbao-backend/internal/handler/qa.go:154.2,154.27 1 0
xunjianbao-backend/internal/handler/report.go:15.64,17.2 1 0
xunjianbao-backend/internal/handler/report.go:19.46,25.16 5 0
xunjianbao-backend/internal/handler/report.go:25.16,28.3 2 0
xunjianbao-backend/internal/handler/report.go:30.2,30.41 1 0
xunjianbao-backend/internal/handler/report.go:33.49,38.16 4 0
xunjianbao-backend/internal/handler/report.go:38.16,41.3 2 0
xunjianbao-backend/internal/handler/report.go:43.2,43.29 1 0
xunjianbao-backend/internal/handler/report.go:46.48,50.47 3 0
xunjianbao-backend/internal/handler/report.go:50.47,53.3 2 0
xunjianbao-backend/internal/handler/report.go:55.2,56.16 2 0
xunjianbao-backend/internal/handler/report.go:56.16,59.3 2 0
xunjianbao-backend/internal/handler/report.go:61.2,61.29 1 0
xunjianbao-backend/internal/handler/report.go:64.48,69.47 4 0
xunjianbao-backend/internal/handler/report.go:69.47,72.3 2 0
xunjianbao-backend/internal/handler/report.go:74.2,75.16 2 0
xunjianbao-backend/internal/handler/report.go:75.16,76.33 1 0
xunjianbao-backend/internal/handler/report.go:76.33,79.4 2 0
xunjianbao-backend/internal/handler/report.go:80.3,81.9 2 0
xunjianbao-backend/internal/handler/report.go:84.2,84.29 1 0
xunjianbao-backend/internal/handler/report.go:87.48,91.61 3 0
xunjianbao-backend/internal/handler/report.go:91.61,92.33 1 0
xunjianbao-backend/internal/handler/report.go:92.33,95.4 2 0
xunjianbao-backend/internal/handler/report.go:96.3,97.9 2 0
xunjianbao-backend/internal/handler/report.go:100.2,100.50 1 0
xunjianbao-backend/internal/handler/report.go:103.48,108.16 4 0
xunjianbao-backend/internal/handler/report.go:108.16,109.33 1 0
xunjianbao-backend/internal/handler/report.go:109.33,112.4 2 0
xunjianbao-backend/internal/handler/report.go:113.3,114.9 2 0
xunjianbao-backend/internal/handler/report.go:117.2,117.29 1 0
xunjianbao-backend/internal/handler/sensor.go:15.64,17.2 1 0
xunjianbao-backend/internal/handler/sensor.go:19.46,29.16 4 0
xunjianbao-backend/internal/handler/sensor.go:29.16,32.3 2 0
xunjianbao-backend/internal/handler/sensor.go:34.2,34.41 1 0
xunjianbao-backend/internal/handler/sensor.go:37.49,42.16 4 0
xunjianbao-backend/internal/handler/sensor.go:42.16,45.3 2 0
xunjianbao-backend/internal/handler/sensor.go:47.2,47.29 1 0
xunjianbao-backend/internal/handler/sensor.go:50.48,54.47 3 0
xunjianbao-backend/internal/handler/sensor.go:54.47,57.3 2 0
xunjianbao-backend/internal/handler/sensor.go:59.2,60.16 2 0
xunjianbao-backend/internal/handler/sensor.go:60.16,63.3 2 0
xunjianbao-backend/internal/handler/sensor.go:65.2,65.29 1 0
xunjianbao-backend/internal/handler/sensor.go:68.48,73.47 4 0
xunjianbao-backend/internal/handler/sensor.go:73.47,76.3 2 0
xunjianbao-backend/internal/handler/sensor.go:78.2,79.16 2 0
xunjianbao-backend/internal/handler/sensor.go:79.16,80.33 1 0
xunjianbao-backend/internal/handler/sensor.go:80.33,83.4 2 0
xunjianbao-backend/internal/handler/sensor.go:84.3,85.9 2 0
xunjianbao-backend/internal/handler/sensor.go:88.2,88.29 1 0
xunjianbao-backend/internal/handler/sensor.go:91.48,95.61 3 0
xunjianbao-backend/internal/handler/sensor.go:95.61,96.33 1 0
xunjianbao-backend/internal/handler/sensor.go:96.33,99.4 2 0
xunjianbao-backend/internal/handler/sensor.go:100.3,101.9 2 0
xunjianbao-backend/internal/handler/sensor.go:104.2,104.50 1 0
xunjianbao-backend/internal/handler/sensor.go:107.49,113.16 5 0
xunjianbao-backend/internal/handler/sensor.go:113.16,116.3 2 0
xunjianbao-backend/internal/handler/sensor.go:118.2,118.38 1 0
xunjianbao-backend/internal/handler/stream.go:15.64,17.2 1 1
xunjianbao-backend/internal/handler/stream.go:19.46,24.16 4 1
xunjianbao-backend/internal/handler/stream.go:24.16,27.3 2 0
xunjianbao-backend/internal/handler/stream.go:29.2,29.41 1 1
xunjianbao-backend/internal/handler/stream.go:32.49,37.16 4 1
xunjianbao-backend/internal/handler/stream.go:37.16,40.3 2 1
xunjianbao-backend/internal/handler/stream.go:42.2,42.29 1 1
xunjianbao-backend/internal/handler/stream.go:45.48,49.47 3 1
xunjianbao-backend/internal/handler/stream.go:49.47,52.3 2 1
xunjianbao-backend/internal/handler/stream.go:54.2,55.16 2 1
xunjianbao-backend/internal/handler/stream.go:55.16,58.3 2 0
xunjianbao-backend/internal/handler/stream.go:60.2,60.29 1 1
xunjianbao-backend/internal/handler/stream.go:63.48,68.47 4 1
xunjianbao-backend/internal/handler/stream.go:68.47,71.3 2 0
xunjianbao-backend/internal/handler/stream.go:73.2,74.16 2 1
xunjianbao-backend/internal/handler/stream.go:74.16,75.33 1 1
xunjianbao-backend/internal/handler/stream.go:75.33,78.4 2 1
xunjianbao-backend/internal/handler/stream.go:79.3,80.9 2 0
xunjianbao-backend/internal/handler/stream.go:83.2,83.29 1 1
xunjianbao-backend/internal/handler/stream.go:86.48,90.61 3 1
xunjianbao-backend/internal/handler/stream.go:90.61,91.33 1 1
xunjianbao-backend/internal/handler/stream.go:91.33,94.4 2 1
xunjianbao-backend/internal/handler/stream.go:95.3,96.9 2 0
xunjianbao-backend/internal/handler/stream.go:99.2,99.50 1 1
xunjianbao-backend/internal/handler/stream.go:102.52,106.16 3 1
xunjianbao-backend/internal/handler/stream.go:106.16,109.3 2 0
xunjianbao-backend/internal/handler/stream.go:111.2,111.28 1 1
xunjianbao-backend/internal/handler/task.go:15.58,17.2 1 0
xunjianbao-backend/internal/handler/task.go:19.44,30.16 4 0
xunjianbao-backend/internal/handler/task.go:30.16,33.3 2 0
xunjianbao-backend/internal/handler/task.go:35.2,35.39 1 0
xunjianbao-backend/internal/handler/task.go:38.47,43.16 4 0
xunjianbao-backend/internal/handler/task.go:43.16,46.3 2 0
xunjianbao-backend/internal/handler/task.go:48.2,48.27 1 0
xunjianbao-backend/internal/handler/task.go:51.46,55.47 3 0
xunjianbao-backend/internal/handler/task.go:55.47,58.3 2 0
xunjianbao-backend/internal/handler/task.go:60.2,61.16 2 0
xunjianbao-backend/internal/handler/task.go:61.16,64.3 2 0
xunjianbao-backend/internal/handler/task.go:66.2,66.27 1 0
xunjianbao-backend/internal/handler/task.go:69.46,74.47 4 0
xunjianbao-backend/internal/handler/task.go:74.47,77.3 2 0
xunjianbao-backend/internal/handler/task.go:79.2,80.16 2 0
xunjianbao-backend/internal/handler/task.go:80.16,81.33 1 0
xunjianbao-backend/internal/handler/task.go:81.33,84.4 2 0
xunjianbao-backend/internal/handler/task.go:85.3,86.9 2 0
xunjianbao-backend/internal/handler/task.go:89.2,89.27 1 0
xunjianbao-backend/internal/handler/task.go:92.46,96.59 3 0
xunjianbao-backend/internal/handler/task.go:96.59,97.33 1 0
xunjianbao-backend/internal/handler/task.go:97.33,100.4 2 0
xunjianbao-backend/internal/handler/task.go:101.3,102.9 2 0
xunjianbao-backend/internal/handler/task.go:105.2,105.50 1 0
xunjianbao-backend/internal/handler/task.go:108.46,113.47 4 0
xunjianbao-backend/internal/handler/task.go:113.47,116.3 2 0
xunjianbao-backend/internal/handler/task.go:118.2,119.16 2 0
xunjianbao-backend/internal/handler/task.go:119.16,120.33 1 0
xunjianbao-backend/internal/handler/task.go:120.33,123.4 2 0
xunjianbao-backend/internal/handler/task.go:124.3,125.9 2 0
xunjianbao-backend/internal/handler/task.go:128.2,128.27 1 0
xunjianbao-backend/internal/handler/task.go:131.48,136.16 4 0
xunjianbao-backend/internal/handler/task.go:136.16,137.33 1 0
xunjianbao-backend/internal/handler/task.go:137.33,140.4 2 0
xunjianbao-backend/internal/handler/task.go:141.3,142.9 2 0
xunjianbao-backend/internal/handler/task.go:145.2,145.27 1 0
xunjianbao-backend/internal/handler/tenant_config.go:14.82,16.2 1 0
xunjianbao-backend/internal/handler/tenant_config.go:18.51,22.16 3 0
xunjianbao-backend/internal/handler/tenant_config.go:22.16,25.3 2 0
xunjianbao-backend/internal/handler/tenant_config.go:27.2,27.29 1 0
xunjianbao-backend/internal/handler/tenant_config.go:30.54,34.47 3 0
xunjianbao-backend/internal/handler/tenant_config.go:34.47,37.3 2 0
xunjianbao-backend/internal/handler/tenant_config.go:39.2,40.16 2 0
xunjianbao-backend/internal/handler/tenant_config.go:40.16,43.3 2 0
xunjianbao-backend/internal/handler/tenant_config.go:45.2,45.29 1 0
xunjianbao-backend/internal/handler/tenant_config.go:48.58,52.16 3 0
xunjianbao-backend/internal/handler/tenant_config.go:52.16,55.3 2 0
xunjianbao-backend/internal/handler/tenant_config.go:57.2,57.27 1 0
xunjianbao-backend/internal/handler/tenant_config.go:60.58,64.16 3 0
xunjianbao-backend/internal/handler/tenant_config.go:64.16,67.3 2 0
xunjianbao-backend/internal/handler/tenant_config.go:69.2,69.27 1 0
xunjianbao-backend/internal/handler/tenant_config.go:72.66,77.16 4 0
xunjianbao-backend/internal/handler/tenant_config.go:77.16,80.3 2 0
xunjianbao-backend/internal/handler/tenant_config.go:82.2,82.28 1 0
xunjianbao-backend/internal/handler/tenant_config.go:85.59,89.16 3 0
xunjianbao-backend/internal/handler/tenant_config.go:89.16,92.3 2 0
xunjianbao-backend/internal/handler/tenant_config.go:94.2,94.31 1 0
xunjianbao-backend/internal/handler/tenant_config.go:97.62,101.47 3 0
xunjianbao-backend/internal/handler/tenant_config.go:101.47,104.3 2 0
xunjianbao-backend/internal/handler/tenant_config.go:106.2,107.16 2 0
xunjianbao-backend/internal/handler/tenant_config.go:107.16,110.3 2 0
xunjianbao-backend/internal/handler/tenant_config.go:112.2,112.31 1 0
xunjianbao-backend/internal/handler/utils.go:5.52,8.2 2 0
xunjianbao-backend/internal/handler/websocket.go:17.42,19.3 1 0
xunjianbao-backend/internal/handler/websocket.go:26.71,28.2 1 0
xunjianbao-backend/internal/handler/websocket.go:31.60,35.20 3 0
xunjianbao-backend/internal/handler/websocket.go:35.20,37.3 1 0
xunjianbao-backend/internal/handler/websocket.go:38.2,38.18 1 0
xunjianbao-backend/internal/handler/websocket.go:38.18,40.3 1 0
xunjianbao-backend/internal/handler/websocket.go:43.2,44.16 2 0
xunjianbao-backend/internal/handler/websocket.go:44.16,47.3 2 0
xunjianbao-backend/internal/handler/websocket.go:50.2,64.22 4 0
xunjianbao-backend/internal/handler/websocket.go:68.32,70.2 1 0
xunjianbao-backend/internal/handler/websocket.go:72.33,75.19 3 0
xunjianbao-backend/internal/handler/websocket.go:75.19,77.3 1 0
xunjianbao-backend/internal/handler/websocket.go:78.2,78.18 1 0
xunjianbao-backend/internal/handler/websocket.go:83.59,85.2 1 0
